03/18/2016 11:53:17.379 AM - INFO  - stuff_out,84532C63-50B2-4B89-962E-087CFDAA08F3
03/18/2016 11:53:17.386 AM - INFO  - stuff_out,7140085A-1B05-4A6D-BCC7-61C7DD5C90C6
03/18/2016 11:53:17.391 AM - INFO  - stuff_out,08C0424D-728F-4F6F-8C30-5BE714CC98FE
03/18/2016 11:53:17.396 AM - INFO  - stuff_out,24CCC47B-83D6-4D8F-B19D-AC3CF5C71A0A
03/18/2016 11:53:17.400 AM - INFO  - stuff_out,08C0424D-728F-4F6F-8C30-5BE714CC98FA
03/18/2016 11:53:17.417 AM - INFO  - stuff_out,36ECD2B7-088C-5BD8-FFE9-0000274F259B
03/18/2016 11:53:17.422 AM - INFO  - stuff_out,9AD87E96-9AAD-4D45-8DB6-B014D152EB9C
03/18/2016 11:53:17.427 AM - INFO  - stuff_out,C9115044-F077-4061-8F1E-9AD9E5521EE4
03/18/2016 11:53:17.432 AM - INFO  - stuff_out,B1D3254D-A58E-4259-9796-8A2843A511A9
03/18/2016 11:53:17.437 AM - INFO  - stuff_out,32C1D67D-33DE-4F1E-864B-D45388F2E3E6
03/18/2016 11:53:17.442 AM - INFO  - stuff_out,C28C4F53-9963-46C0-A080-8F13E94E7486
03/18/2016 11:53:17.446 AM - INFO  - stuff_out,1D2903DE-F2C6-DE79-0A18-00004A3EDEF1
03/18/2016 11:53:17.450 AM - INFO  - stuff_out,659EC64B-9A0C-97A3-6084-00007CFABA54
03/18/2016 11:53:17.454 AM - INFO  - stuff_out,30DF20E6-F51B-C42E-E4A2-00006F2E68CD
03/18/2016 11:53:17.458 AM - INFO  - stuff_out,4FE2A3C1-FCE0-EADC-1750-000060F499F0
03/18/2016 11:53:17.461 AM - INFO  - stuff_out,5AA68D4A-23C4-5085-7A39-000000D8564B
03/18/2016 11:53:17.465 AM - INFO  - stuff_out,7B09565B-AF78-00BA-E566-00000459B0F5
03/18/2016 11:53:17.469 AM - INFO  - stuff_out,1C70A70E-96B8-1E7F-4F9F-0000484155FE
03/18/2016 11:53:17.473 AM - INFO  - stuff_out,3974BBC1-995F-3BC8-D1E4-000079C30344
03/18/2016 11:53:17.477 AM - INFO  - stuff_out,720BA3CF-A587-7052-4FF8-00002D40297C
03/18/2016 11:53:17.481 AM - INFO  - stuff_out,4F63A319-E707-880F-B22B-000051145E71
03/18/2016 11:53:17.485 AM - INFO  - stuff_out,1044764D-C192-993A-B3D7-00007EAE0C97
03/18/2016 11:53:17.491 AM - INFO  - stuff_out,19F94768-0A2A-6A8E-A22D-00000AB04862
03/18/2016 11:53:17.500 AM - INFO  - stuff_out,3B601F69-44F3-BFD2-772A-000059B69D06
03/18/2016 11:53:17.503 AM - INFO  - stuff_out,63FF22ED-28E5-D415-AEE3-00006EECE2FD
03/18/2016 11:53:17.507 AM - INFO  - stuff_out,022A88F0-45AC-3B2A-55E0-00000C140DC7
03/18/2016 11:53:17.510 AM - INFO  - stuff_out,78948A02-C726-C0FF-C265-00007D8E985D
03/18/2016 11:53:17.513 AM - INFO  - stuff_out,1CB54211-78D0-C085-8FDE-000052055FC3
03/18/2016 11:53:17.517 AM - INFO  - stuff_out,5ED22546-474C-EA8E-4CC7-00004A34BC8B
03/18/2016 11:53:17.523 AM - INFO  - stuff_out,4C466FBC-C6C3-3ED5-4DDD-00000BB2F253
03/18/2016 11:53:17.526 AM - INFO  - stuff_out,11432D25-E0FD-2BBC-4792-00005036FF28
03/18/2016 11:53:17.530 AM - INFO  - stuff_out,4AA9C43C-656F-8339-1D92-00002DB789EB
03/18/2016 11:53:17.533 AM - INFO  - stuff_out,6CBFBABF-8960-0DC6-78ED-000055214968
03/18/2016 11:53:17.537 AM - INFO  - stuff_out,0597C060-E17E-2EB4-682A-00004E5ABC09
03/18/2016 11:53:17.540 AM - INFO  - stuff_out,26EF1B0F-89C1-EC2F-366E-000031F58E88
03/18/2016 11:53:17.544 AM - INFO  - stuff_out,70609C57-4D64-0CB6-B0E0-00006A3B7468
03/18/2016 11:53:17.547 AM - INFO  - stuff_out,65578E54-60C6-93EB-2BFA-000012E84DB7
03/18/2016 11:53:17.550 AM - INFO  - stuff_out,51463313-4E14-300F-5586-00002F9F0940
03/18/2016 11:53:17.554 AM - INFO  - stuff_out,7218612C-CA39-73DD-F01A-00003CFE6E91
03/18/2016 11:53:17.557 AM - INFO  - stuff_out,640D10DF-D3CA-7DF5-7F78-0000287DA837
03/18/2016 11:53:17.559 AM - INFO  - stuff_out,51AEC7A5-4B88-E31C-62C7-000047283872
03/18/2016 11:53:17.562 AM - INFO  - stuff_out,2191E8DD-1662-B68F-79EA-00001E81294A
03/18/2016 11:53:17.566 AM - INFO  - stuff_out,31BDC8EB-D5D0-5C8B-EA64-0000718554B0
03/18/2016 11:53:17.571 AM - INFO  - stuff_out,687B2909-4375-EE9F-2093-00002769BE28
03/18/2016 11:53:17.574 AM - INFO  - stuff_out,341BDD2B-4CC7-A5B4-0987-0000103DA1A0
03/18/2016 11:53:17.577 AM - INFO  - stuff_out,3E3E17B4-4A58-07E3-EA2E-0000461C7FFD
03/18/2016 11:53:17.580 AM - INFO  - stuff_out,7916DF00-B71B-74DF-F077-000052BE38E5
03/18/2016 11:53:17.583 AM - INFO  - stuff_out,46896CD3-B4D2-7C7A-4C33-0000632EC8F5
03/18/2016 11:53:17.586 AM - INFO  - stuff_out,148B7FB2-89A7-5D37-F0D6-00000F259047
03/18/2016 11:53:17.589 AM - INFO  - stuff_out,6B232D15-F4A6-E88C-7194-00000CDEDBCC
03/18/2016 11:53:17.592 AM - INFO  - stuff_out,7B3034AD-890A-FCC4-CF6C-00002131D620
03/18/2016 11:53:17.596 AM - INFO  - stuff_out,4EE0DFE6-9D7F-03CB-29E6-0000092EFAAC
03/18/2016 11:53:17.599 AM - INFO  - stuff_out,6B4B36E9-3207-755E-771B-00006EDCC5A9
03/18/2016 11:53:17.603 AM - INFO  - stuff_out,6035131B-82F5-C1D7-3203-000011D18748
03/18/2016 11:53:17.606 AM - INFO  - stuff_out,5308911B-AE33-C31D-B717-00006261662F
03/18/2016 11:53:17.609 AM - INFO  - stuff_out,6BC06DCA-200A-8438-B930-000047F5153C
03/18/2016 11:53:17.613 AM - INFO  - stuff_out,2B453B0C-A705-6159-20DE-00006374D2BB
03/18/2016 11:53:17.616 AM - INFO  - stuff_out,0AB72600-CF7E-99E2-F2D0-00003ABE6138
03/18/2016 11:53:17.619 AM - INFO  - stuff_out,28E0C1A9-5336-1CE4-EE08-000007305B2F
03/18/2016 11:53:17.622 AM - INFO  - stuff_out,77B26E58-90CC-7411-3E17-00002B906220
03/18/2016 11:53:17.625 AM - INFO  - stuff_out,141A3938-95D7-79F8-A405-000034CC541B
03/18/2016 11:53:17.628 AM - INFO  - stuff_out,52A5D3B1-33DB-7163-547D-0000412E114E
03/18/2016 11:53:17.631 AM - INFO  - stuff_out,37723950-CFA0-27FA-8FF9-0000326B55E2
03/18/2016 11:53:17.634 AM - INFO  - stuff_out,24D3824A-DB29-7E86-A290-00006804C5C3
03/18/2016 11:53:17.637 AM - INFO  - stuff_out,1153BA8F-0B2C-7DE7-E03C-00001988C20A
03/18/2016 11:53:17.640 AM - INFO  - stuff_out,617B2B9E-C411-6802-6360-000013AC411F
03/18/2016 11:53:17.643 AM - INFO  - stuff_out,076DEABB-20DA-43E9-A4C7-F3FAEDF5B1FC
03/18/2016 11:53:17.646 AM - INFO  - stuff_out,8D8E3E5A-2685-40AF-9EF9-E3113B3C62AA
03/18/2016 11:53:17.650 AM - INFO  - stuff_out,F8B4DF74-C71B-45A3-9B9A-F6141C4D3C56
03/18/2016 11:53:17.653 AM - INFO  - stuff_out,7D100229-11E4-A338-D825-00004F136C3A
03/18/2016 11:53:17.656 AM - INFO  - stuff_out,04267C65-CD03-BEE2-1F89-0000537573C0
03/18/2016 11:53:17.659 AM - INFO  - stuff_out,44026D0E-D503-F72F-41F7-00002B99D79B
03/18/2016 11:53:17.662 AM - INFO  - stuff_out,011A177A-4B26-D8EA-04CF-00002524F3A7
03/18/2016 11:53:17.665 AM - INFO  - stuff_out,1CF86BFE-FF8D-C049-1595-000059B12AA4
03/18/2016 11:53:17.668 AM - INFO  - stuff_out,7E66A2FC-8F39-E968-D346-00001A9FD858
03/18/2016 11:53:17.671 AM - INFO  - stuff_out,7434870F-2563-9955-B507-00001FDA06FB
03/18/2016 11:53:17.674 AM - INFO  - stuff_out,23005913-0058-C8B8-C1AC-00001AB82B4C
03/18/2016 11:53:17.677 AM - INFO  - stuff_out,31229848-B82B-3B47-E90D-000040418867
03/18/2016 11:53:17.680 AM - INFO  - stuff_out,0E624326-7B2A-2E12-C97B-000013BBAAFA
03/18/2016 11:53:17.683 AM - INFO  - stuff_out,05D60D35-1591-F719-B7BD-000058E2E5EA
03/18/2016 11:53:17.686 AM - INFO  - stuff_out,1864933D-964D-D436-39DD-00002EB81743
03/18/2016 11:53:17.689 AM - INFO  - stuff_out,37FF47AB-4845-D785-744A-00002AD3A6D5
03/18/2016 11:53:17.692 AM - INFO  - stuff_out,2D6DFFEA-72F3-B81A-D5E6-000025530E37
03/18/2016 11:53:17.695 AM - INFO  - stuff_out,660D6D82-2218-11E3-86B1-F23C91AEC05E
03/18/2016 11:53:17.697 AM - INFO  - stuff_out,2D4957D5-77D3-4EC7-BF80-E4E6AC7A3EF3
03/18/2016 11:53:17.701 AM - INFO  - stuff_out,AA458565-7711-4BE1-ADA3-91716EABFA21
03/18/2016 11:53:17.704 AM - INFO  - stuff_out,E015841A-D456-46E1-8A18-E0CEB9E69CD5
03/18/2016 11:53:17.707 AM - INFO  - stuff_out,52FF4B77-0614-4D8B-9B96-C07EC852793E
03/18/2016 11:53:17.710 AM - INFO  - stuff_out,D0059CEB-5F5C-4D21-8C71-842BD0F88468
03/18/2016 11:53:17.713 AM - INFO  - stuff_out,2773FEAA-448F-410E-BEDE-9298C4749066
03/18/2016 11:53:17.716 AM - INFO  - stuff_out,00871FE9-7114-4A09-BF4F-C0B833D4F1CB
03/18/2016 11:53:17.719 AM - INFO  - stuff_out,DB6E98D3-64A9-4FF6-8F11-9E626DCAED6D
03/18/2016 11:53:17.722 AM - INFO  - stuff_out,25B014D9-CC71-484D-93D9-5E93B51C6B36
03/18/2016 11:53:17.725 AM - INFO  - stuff_out,088E8D53-3705-4362-B04D-8EDF0DBE50E5
03/18/2016 11:53:17.728 AM - INFO  - stuff_out,5F5ED8A1-AD1C-41BD-878A-BE45A9B28739
03/18/2016 11:53:17.731 AM - INFO  - stuff_out,F2400BE8-D8EB-48EB-B4E4-5D4377062A7F
03/18/2016 11:53:17.734 AM - INFO  - stuff_out,628F5A96-021B-4191-926B-B3BF49272866
03/18/2016 11:53:17.737 AM - INFO  - stuff_out,FA686EE7-D01D-43A3-8E95-A00120658040
03/18/2016 11:53:17.739 AM - INFO  - stuff_out,7897B317-7AD3-44E4-A933-0544A169AB1B
03/18/2016 11:53:17.743 AM - INFO  - stuff_out,920E5C50-41E1-4DAC-8D48-D9C860E49228
03/18/2016 11:53:17.746 AM - INFO  - stuff_out,D15DC4C4-D74F-4E4B-B4B1-2B03A35A284D
03/18/2016 11:53:17.748 AM - INFO  - stuff_out,7860561C-779A-4E45-A7B9-06A1E0E984E8
03/18/2016 11:53:17.752 AM - INFO  - stuff_out,F8BE3C55-88E8-4103-A936-B1E5CB1D330E
03/18/2016 11:53:17.755 AM - INFO  - stuff_out,0582ACC2-11D8-4FE5-888D-61837BA8F43E
03/18/2016 11:53:17.758 AM - INFO  - stuff_out,99D9A065-CD45-4E20-9C86-579C8AD42E5E
03/18/2016 11:53:17.761 AM - INFO  - stuff_out,DC4D6549-D5F4-4E1A-959A-6BD536737A21
03/18/2016 11:53:17.764 AM - INFO  - stuff_out,FCDB4F81-31EC-462B-9183-D506E6798C0B
03/18/2016 11:53:17.767 AM - INFO  - stuff_out,A36A6621-CF4A-4FB6-8CB2-D420D630A134
03/18/2016 11:53:17.770 AM - INFO  - stuff_out,9CB82EB8-CA38-44CD-9CC8-EBC56401BBB2
03/18/2016 11:53:17.773 AM - INFO  - stuff_out,321674DB-CE7C-417C-ADE8-64CFA376CD3E
03/18/2016 11:53:17.776 AM - INFO  - stuff_out,1AEF36BD-FB72-4B52-8845-4EF4AC7B709A
03/18/2016 11:53:17.779 AM - INFO  - stuff_out,3BCBC1C5-9D99-45BB-B15D-B03D2C069CED
03/18/2016 11:53:17.782 AM - INFO  - stuff_out,59C57E56-3EE6-4EF7-873F-7ED084B0EB22
03/18/2016 11:53:17.785 AM - INFO  - stuff_out,F91861FB-4FEA-455F-9570-828D7903DC64
03/18/2016 11:53:17.788 AM - INFO  - stuff_out,D55DC7A7-AAFA-43C6-B432-A192FF64141E
03/18/2016 11:53:17.791 AM - INFO  - stuff_out,50FE258D-CC94-4748-9223-55F1129E5FB3
03/18/2016 11:53:17.794 AM - INFO  - stuff_out,49C99A6E-CCC1-4015-81F6-D7C43B592034
03/18/2016 11:53:17.797 AM - INFO  - stuff_out,BA1C9760-8ECD-4182-8354-5D880F2FC81B
03/18/2016 11:53:17.800 AM - INFO  - stuff_out,D924DBE1-1231-434A-80EF-234BA09D1E30
03/18/2016 11:53:17.803 AM - INFO  - stuff_out,AA193B9F-02FD-47B9-B60D-C42B9AB35E1C
03/18/2016 11:53:17.806 AM - INFO  - stuff_out,734385F1-0D17-4B5F-9138-24DC8D4F06C6
03/18/2016 11:53:17.809 AM - INFO  - stuff_out,3F4BCF74-3503-4533-9D74-5A65EC4CA3C4
03/18/2016 11:53:17.812 AM - INFO  - stuff_out,6A03BC65-BD03-4B68-B51E-2543F9471D42
03/18/2016 11:53:17.815 AM - INFO  - stuff_out,5E1C9860-2D9E-4A94-A11D-DA0FD9B31470
03/18/2016 11:53:17.818 AM - INFO  - stuff_out,6E00FB27-C0E2-4859-93A0-BF516C44C95F
03/18/2016 11:53:17.821 AM - INFO  - stuff_out,0A4331F9-4D2B-4474-A9F5-8DBE6655714C
03/18/2016 11:53:17.824 AM - INFO  - stuff_out,36DB043B-E4E9-4BB6-936C-3564335C34EF
03/18/2016 11:53:17.827 AM - INFO  - stuff_out,81525F4F-7BCA-471B-B1E3-2601EFD242E0
03/18/2016 11:53:17.830 AM - INFO  - stuff_out,757C822A-6A23-42E6-9A30-2B0977960E3D
03/18/2016 11:53:17.833 AM - INFO  - stuff_out,D3606AED-7593-460A-94FD-2859C71386FF
03/18/2016 11:53:17.836 AM - INFO  - stuff_out,FB2987AA-926E-4F5D-A04A-407E0415A3FD
03/18/2016 11:53:17.839 AM - INFO  - stuff_out,66FC8180-27E6-4335-B571-4D38D3BC633A
03/18/2016 11:53:17.842 AM - INFO  - stuff_out,E175F999-1164-48AA-83E1-6C14FC5E8C82
03/18/2016 11:53:17.845 AM - INFO  - stuff_out,BA6468F6-2130-45FC-A2F7-26A7781B09CE
03/18/2016 11:53:17.848 AM - INFO  - stuff_out,9D0DC2A2-BE67-4499-B730-87C7DDE25860
03/18/2016 11:53:17.851 AM - INFO  - stuff_out,223E2E7D-AA90-4ADC-93CB-D304E794E3E6
03/18/2016 11:53:17.854 AM - INFO  - stuff_out,1B416A7F-D49B-43FC-8308-F14AA9531AF8
03/18/2016 11:53:17.857 AM - INFO  - stuff_out,00B169F1-2BE2-4986-8B93-825FEB944FFD
03/18/2016 11:53:17.860 AM - INFO  - stuff_out,BACF0220-900B-4409-8CB2-30A09836A650
03/18/2016 11:53:17.864 AM - INFO  - stuff_out,39488429-3940-4360-9A32-FE53298C2CA2
03/18/2016 11:53:17.867 AM - INFO  - stuff_out,9BF2D71A-0986-4025-9C97-15B65F07C568
03/18/2016 11:53:17.870 AM - INFO  - stuff_out,A9137009-B5BA-4C58-BCD3-7753909918B5
03/18/2016 11:53:17.873 AM - INFO  - stuff_out,B853CC3A-D173-4DA4-9832-6D0148C8F01F
03/18/2016 11:53:17.876 AM - INFO  - stuff_out,ACBEDC97-956C-45F5-97E3-65A6D9987625
03/18/2016 11:53:17.879 AM - INFO  - stuff_out,9EDB2BD1-9E1B-4931-ADD2-2724E3A25CBF
03/18/2016 11:53:17.883 AM - INFO  - stuff_out,5CBA8C5A-3191-434A-8DE1-C0C3CAC9C4F4
03/18/2016 11:53:17.886 AM - INFO  - stuff_out,D3EE5B55-6F2E-4247-8C94-E7CFC4C5B648
03/18/2016 11:53:17.889 AM - INFO  - stuff_out,C4FF9CDA-B4E4-4841-97E0-7F799B85B657
03/18/2016 11:53:17.892 AM - INFO  - stuff_out,A37CE5AA-4D2A-4441-BC6A-0A1D7EC49647
03/18/2016 11:53:17.895 AM - INFO  - stuff_out,11055B92-CBEF-4272-8B50-0450BDA154E5
03/18/2016 11:53:17.898 AM - INFO  - stuff_out,3FC00449-5101-461D-94C6-10920C30EBF4
03/18/2016 11:53:17.901 AM - INFO  - stuff_out,1A0F9B0E-26CE-4DE0-BE47-C74D1AB2B389
03/18/2016 11:53:17.904 AM - INFO  - stuff_out,C41D0367-9852-4AA7-9E7E-DEA162A4CBB0
03/18/2016 11:53:17.907 AM - INFO  - stuff_out,6AAAE037-7E66-4F5D-BED0-0042245C26BC
03/18/2016 11:53:17.910 AM - INFO  - stuff_out,EE80E648-C64D-4802-8868-C57AAFEACC55
03/18/2016 11:53:17.913 AM - INFO  - stuff_out,C6F56AE3-8E9C-4568-85CA-CA5F1EF15DCE
03/18/2016 11:53:17.916 AM - INFO  - stuff_out,71364A69-1549-472E-AF78-FDA4FDA016EB
03/18/2016 11:53:17.921 AM - INFO  - stuff_out,C68BD5DC-F756-484E-A9FE-F2D1FD432B2A
03/18/2016 11:53:17.923 AM - INFO  - stuff_out,C995E97E-BE7F-44BB-A38D-FE884CF837F5
03/18/2016 11:53:17.926 AM - INFO  - stuff_out,64B64199-7F12-4A33-A962-4AD314E9593D
03/18/2016 11:53:17.929 AM - INFO  - stuff_out,C2DFF741-7091-43C7-B8B1-B075E7FF914F
03/18/2016 11:53:17.932 AM - INFO  - stuff_out,54F59BB2-AD49-42C7-ABAA-B60765F4F926
03/18/2016 11:53:17.935 AM - INFO  - stuff_out,72298F1A-98C7-4BED-8617-11DEFEFB625F
03/18/2016 11:53:17.938 AM - INFO  - stuff_out,3E534F9D-A25F-4CAF-8AAF-FF95DA8F8B64
03/18/2016 11:53:17.941 AM - INFO  - stuff_out,344344D6-5CA1-43B4-8D4B-CD1763883BE2
03/18/2016 11:53:17.944 AM - INFO  - stuff_out,0562209B-4C68-4E77-8B57-13CBF53D05BD
03/18/2016 11:53:17.948 AM - INFO  - stuff_out,1172C52C-6979-4293-8F01-80FADA5A2B69
03/18/2016 11:53:17.951 AM - INFO  - stuff_out,7C9887BD-4AE4-47F2-A0AA-4BBB6736D433
03/18/2016 11:53:17.954 AM - INFO  - stuff_out,F428CCD3-FF90-4E80-8C60-BFF17F72F0FA
03/18/2016 11:53:17.957 AM - INFO  - stuff_out,835D7132-1767-4462-AAE0-A27ECBD4E5AB
03/18/2016 11:53:17.959 AM - INFO  - stuff_out,F6ED77CC-077C-48B6-B730-25CB7C62558D
03/18/2016 11:53:17.963 AM - INFO  - stuff_out,6E6AAD4F-8869-428A-B507-54EACE8613E9
03/18/2016 11:53:17.966 AM - INFO  - stuff_out,44741BC4-03F8-A0A0-8867-000055532D6D
03/18/2016 11:53:17.969 AM - INFO  - stuff_out,47CB7ADE-A9A4-8F9A-F031-00001D0850A7
03/18/2016 11:53:17.972 AM - INFO  - stuff_out,0CE712D5-6491-7724-E476-00000B4F0775
03/18/2016 11:53:17.975 AM - INFO  - stuff_out,7172981F-5569-6E06-8366-000043E1CCD7
03/18/2016 11:53:17.978 AM - INFO  - stuff_out,1D4F5A12-62C6-D85E-03D6-0000576908C2
03/18/2016 11:53:17.981 AM - INFO  - stuff_out,30BE2563-9F95-F937-C2A1-00005C4CE0B1
03/18/2016 11:53:17.983 AM - INFO  - stuff_out,3B33B3CE-B7BF-7D1B-8C55-00000AB65202
03/18/2016 11:53:17.987 AM - INFO  - stuff_out,47C206CC-5FE2-F853-5051-0000054C17BC
03/18/2016 11:53:17.990 AM - INFO  - stuff_out,46AA3A5B-509B-1A1A-ADB3-00001369ECCD
03/18/2016 11:53:17.993 AM - INFO  - stuff_out,0F3990B0-1A9F-C306-EA90-000065A59B48
03/18/2016 11:53:17.996 AM - INFO  - stuff_out,5B75C81A-51DF-1085-AA03-00000F08C82E
03/18/2016 11:53:17.999 AM - INFO  - stuff_out,098E4BB8-21EE-BFFC-3E19-00007A5F0A9E
03/18/2016 11:53:18.002 AM - INFO  - stuff_out,75B249D5-7B51-0905-4CC2-0000564A5BB2
03/18/2016 11:53:18.005 AM - INFO  - stuff_out,2BCA2F60-5E15-E97D-2219-00007C59D347
03/18/2016 11:53:18.008 AM - INFO  - stuff_out,6D3E1A18-55B0-99FC-9438-00006A7C0FF5
03/18/2016 11:53:18.011 AM - INFO  - stuff_out,76FBD470-4217-FBCF-EEFA-00001D08820C
03/18/2016 11:53:18.014 AM - INFO  - stuff_out,1991F0B8-CD25-5713-D1AF-0000770C6A0F
03/18/2016 11:53:18.017 AM - INFO  - stuff_out,50073BD8-0AF4-1EC5-1D63-00005C6A6A63
03/18/2016 11:53:18.020 AM - INFO  - stuff_out,4E6EB8FB-8EF7-1EA5-07B5-00005A463905
03/18/2016 11:53:18.024 AM - INFO  - stuff_out,3849A590-ADCE-E64E-1889-00007878E622
03/18/2016 11:53:18.027 AM - INFO  - stuff_out,494CFFF8-1860-76F3-8844-00006E983085
03/18/2016 11:53:18.030 AM - INFO  - stuff_out,478C60AF-A5DB-F678-7C2A-0000741BDFD2
03/18/2016 11:53:18.033 AM - INFO  - stuff_out,52038F8B-18BD-5584-6C52-00004034AEAD
03/18/2016 11:53:18.036 AM - INFO  - stuff_out,42B800C9-AE57-F1AC-7421-000048F04BDD
03/18/2016 11:53:18.039 AM - INFO  - stuff_out,1804BF94-99DD-AD46-DB5C-0000306A7E16
03/18/2016 11:53:18.042 AM - INFO  - stuff_out,1F7BEF2F-06CF-00D8-73EE-00004A372255
03/18/2016 11:53:18.045 AM - INFO  - stuff_out,69AF2083-AEA9-0ED8-9284-000067594FE8
03/18/2016 11:53:18.048 AM - INFO  - stuff_out,188D3D5A-EC4D-E4D6-A262-000075F1029E
03/18/2016 11:53:18.051 AM - INFO  - stuff_out,21E30F90-C851-5FBA-DD1F-000064561EF9
03/18/2016 11:53:18.054 AM - INFO  - stuff_out,520BA0E5-4477-1EEA-B233-00004AFD72B7
03/18/2016 11:53:18.057 AM - INFO  - stuff_out,457672D7-A4E1-E2C6-4F85-00007AAFD767
03/18/2016 11:53:18.060 AM - INFO  - stuff_out,2E66EA1E-6F5E-B8EF-60D0-0000585A14F1
03/18/2016 11:53:18.063 AM - INFO  - stuff_out,02150788-72C9-0417-84CE-000077EA15A8
03/18/2016 11:53:18.066 AM - INFO  - stuff_out,F881A707-745E-4C6D-90D1-F820EE3B1470
03/18/2016 11:53:18.069 AM - INFO  - stuff_out,4F64E265-DC82-4759-B1AD-C40EA2DB286D
03/18/2016 11:53:18.072 AM - INFO  - stuff_out,F463C069-2394-4A68-87FA-5A3F7DA8E1FE
03/18/2016 11:53:18.075 AM - INFO  - stuff_out,4D3A2FD4-3B21-458C-AFE5-1D3600D77CC8
03/18/2016 11:53:18.078 AM - INFO  - stuff_out,4044DD19-B545-FAE6-1541-00005FD08DC5
03/18/2016 11:53:18.081 AM - INFO  - stuff_out,8996DBA5-2452-4E87-9105-717FCFDE9253
03/18/2016 11:53:18.084 AM - INFO  - stuff_out,1F294FF1-6732-2D4A-6262-00003A363524
03/18/2016 11:53:18.087 AM - INFO  - stuff_out,E2442E9C-A061-44D1-859F-C7F2A4E2B8FB
03/18/2016 11:53:18.090 AM - INFO  - stuff_out,86AE9A84-8EE2-4B2E-8416-66F21C347BC7
03/18/2016 11:53:18.094 AM - INFO  - stuff_out,370FC1CD-0EFC-4B67-865F-41104CD8C8DB
03/18/2016 11:53:18.097 AM - INFO  - stuff_out,FFBE750A-970F-4451-8697-729CCFDF789F
03/18/2016 11:53:18.100 AM - INFO  - stuff_out,19106802-20AF-4C72-A4C9-135F5247DB7A
03/18/2016 11:53:18.103 AM - INFO  - stuff_out,24B099D3-94D7-4F88-B560-F0025073169C
03/18/2016 11:53:18.106 AM - INFO  - stuff_out,E6D164C6-ABDD-4B57-82F5-BC96C0FD3615
03/18/2016 11:53:18.109 AM - INFO  - stuff_out,359B041E-6853-400D-80F2-51BCB21211F0
03/18/2016 11:53:18.112 AM - INFO  - stuff_out,677DCBD1-B3C6-427D-B366-39F55AB24FCC
03/18/2016 11:53:18.115 AM - INFO  - stuff_out,08E4CE9D-C067-4FFC-8D0F-A46327598CCE
03/18/2016 11:53:18.118 AM - INFO  - stuff_out,5BC4A860-69F5-4B89-9706-5A1EE9965F4F
03/18/2016 11:53:18.121 AM - INFO  - stuff_out,5F6A8219-683F-25CD-DFE3-00007702BCBA
03/18/2016 11:57:52.743 AM - INFO  - stuff_out,84532C63-50B2-4B89-962E-087CFDAA08F3
03/18/2016 11:57:52.747 AM - INFO  - stuff_out,7140085A-1B05-4A6D-BCC7-61C7DD5C90C6
03/18/2016 11:57:52.751 AM - INFO  - stuff_out,08C0424D-728F-4F6F-8C30-5BE714CC98FE
03/18/2016 11:57:52.754 AM - INFO  - stuff_out,24CCC47B-83D6-4D8F-B19D-AC3CF5C71A0A
03/18/2016 11:57:52.757 AM - INFO  - stuff_out,08C0424D-728F-4F6F-8C30-5BE714CC98FA
03/18/2016 11:57:52.760 AM - INFO  - stuff_out,36ECD2B7-088C-5BD8-FFE9-0000274F259B
03/18/2016 11:57:52.764 AM - INFO  - stuff_out,9AD87E96-9AAD-4D45-8DB6-B014D152EB9C
03/18/2016 11:57:52.768 AM - INFO  - stuff_out,C9115044-F077-4061-8F1E-9AD9E5521EE4
03/18/2016 11:57:52.771 AM - INFO  - stuff_out,B1D3254D-A58E-4259-9796-8A2843A511A9
03/18/2016 11:57:52.774 AM - INFO  - stuff_out,32C1D67D-33DE-4F1E-864B-D45388F2E3E6
03/18/2016 11:57:52.777 AM - INFO  - stuff_out,C28C4F53-9963-46C0-A080-8F13E94E7486
03/18/2016 11:57:52.780 AM - INFO  - stuff_out,3095D64F-F574-B20A-D586-000000C47A91
03/18/2016 11:57:52.783 AM - INFO  - stuff_out,634AC5FB-14AA-C6C6-053B-0000518D920F
03/18/2016 11:57:52.787 AM - INFO  - stuff_out,2570409D-169E-16CA-2A95-0000399EC753
03/18/2016 11:57:52.790 AM - INFO  - stuff_out,673037B2-BC0B-7DA9-09EF-000014B3486E
03/18/2016 11:57:52.793 AM - INFO  - stuff_out,06583860-29E1-77D6-8E59-00004BE6B2A5
03/18/2016 11:57:52.797 AM - INFO  - stuff_out,16DA9591-6E4F-3A2B-EF74-000022DFB4D3
03/18/2016 11:57:52.800 AM - INFO  - stuff_out,0CD89A88-5D4E-DD65-4033-00005AD40BD8
03/18/2016 11:57:52.803 AM - INFO  - stuff_out,1755C07E-9C29-88CA-9F48-000008E1595F
03/18/2016 11:57:52.806 AM - INFO  - stuff_out,02B27087-B073-56B9-C995-0000753C75B7
03/18/2016 11:57:52.810 AM - INFO  - stuff_out,54547D82-0D0E-4F29-1BFF-000023563FB0
03/18/2016 11:57:52.813 AM - INFO  - stuff_out,736F4DEF-C11E-A0FB-C30D-00001CD6B2E3
03/18/2016 11:57:52.816 AM - INFO  - stuff_out,67B391D4-2A7C-52C7-88D7-000040BFE8A3
03/18/2016 11:57:52.819 AM - INFO  - stuff_out,7742468A-4B31-8E73-59AE-00000672C1A8
03/18/2016 11:57:52.822 AM - INFO  - stuff_out,5807FFE6-8230-596C-C432-0000034CE75E
03/18/2016 11:57:52.827 AM - INFO  - stuff_out,2DE9CE03-3E81-B09C-E152-00006931D2D1
03/18/2016 11:57:52.831 AM - INFO  - stuff_out,4607CD4B-1AD8-708F-C044-00001F0CC904
03/18/2016 11:57:52.835 AM - INFO  - stuff_out,00613589-B590-395C-E0C5-0000027ECA3B
03/18/2016 11:57:52.840 AM - INFO  - stuff_out,520EE8C4-C5F2-BC52-ECD7-000049923282
03/18/2016 11:57:52.844 AM - INFO  - stuff_out,1D321A8A-68FF-6071-AFF0-0000386CD24A
03/18/2016 11:57:52.848 AM - INFO  - stuff_out,70621536-C5DE-8E38-16AB-000077CF69D8
03/18/2016 11:57:52.852 AM - INFO  - stuff_out,522E215B-0783-53CD-F014-00007E29E115
03/18/2016 11:57:52.857 AM - INFO  - stuff_out,6F786A68-0B04-59DB-56A5-00006D669025
03/18/2016 11:57:52.861 AM - INFO  - stuff_out,53B26A3C-B411-FC97-46A3-0000730F7839
03/18/2016 11:57:52.865 AM - INFO  - stuff_out,7C9E2132-9988-E9FA-26A3-00006101B4B1
03/18/2016 11:57:52.870 AM - INFO  - stuff_out,36FE0238-C6BC-90FD-EC8C-00004897DE9A
03/18/2016 11:57:52.874 AM - INFO  - stuff_out,6A9775B1-EE22-3AA5-3BC8-0000176600AC
03/18/2016 11:57:52.878 AM - INFO  - stuff_out,29B62834-8350-35BA-7CFC-000029AA924B
03/18/2016 11:57:52.883 AM - INFO  - stuff_out,7D6A8F4B-C540-1D6C-BDC0-000019BFB3D6
03/18/2016 11:57:52.887 AM - INFO  - stuff_out,78B7B3CE-D74C-F21F-D21F-00006E952482
03/18/2016 11:57:52.890 AM - INFO  - stuff_out,01900B86-8B37-D422-1347-000004A1A70B
03/18/2016 11:57:52.894 AM - INFO  - stuff_out,10DDC58D-B4A1-DEF9-B885-000050125DD9
03/18/2016 11:57:52.897 AM - INFO  - stuff_out,65CF7AA0-D298-05B6-25B5-00000F9BA2E1
03/18/2016 11:57:52.900 AM - INFO  - stuff_out,32E269C8-E391-5C78-DE48-000027D94BBE
03/18/2016 11:57:52.904 AM - INFO  - stuff_out,4370A34D-36D2-2145-68DA-00005E81D450
03/18/2016 11:57:52.908 AM - INFO  - stuff_out,1D9A00A9-666D-B448-15E5-0000625CAE9B
03/18/2016 11:57:52.911 AM - INFO  - stuff_out,32CB7490-B3FD-CDAC-08F4-00007FF3E8F7
03/18/2016 11:57:52.915 AM - INFO  - stuff_out,6643F1C1-EA5A-F798-4D26-00004CD72501
03/18/2016 11:57:52.918 AM - INFO  - stuff_out,40BE8C10-8FA5-A8F4-4A76-000052D5A5B0
03/18/2016 11:57:52.922 AM - INFO  - stuff_out,4870F04C-32BB-CBC2-67EF-00006CC09FF0
03/18/2016 11:57:52.925 AM - INFO  - stuff_out,5A447D57-090D-58A4-9891-000003065A7F
03/18/2016 11:57:52.928 AM - INFO  - stuff_out,161F4966-D2E2-24B1-F51D-000023D64A56
03/18/2016 11:57:52.931 AM - INFO  - stuff_out,49AA667B-3B05-EF69-0438-00000782FC93
03/18/2016 11:57:52.934 AM - INFO  - stuff_out,28941ABF-0669-E173-4E80-00005B34D8BD
03/18/2016 11:57:52.938 AM - INFO  - stuff_out,6A818F12-1D5E-377A-5E9D-00007889AB1B
03/18/2016 11:57:52.941 AM - INFO  - stuff_out,78493D00-08B2-E675-3DE4-0000030B54A3
03/18/2016 11:57:52.944 AM - INFO  - stuff_out,5CE19AE4-1E5F-1FF4-F767-00002613B370
03/18/2016 11:57:52.947 AM - INFO  - stuff_out,57699197-7D56-C419-7928-000017FF7055
03/18/2016 11:57:52.950 AM - INFO  - stuff_out,0327E8C2-1A2C-57E7-1A55-00006A11D407
03/18/2016 11:57:52.954 AM - INFO  - stuff_out,38774DF8-F1BE-01AD-3883-000045785816
03/18/2016 11:57:52.958 AM - INFO  - stuff_out,5FDF2FFB-38E9-6494-464C-0000274D5FA2
03/18/2016 11:57:52.961 AM - INFO  - stuff_out,48C198D6-2EEB-55BD-EF0E-00002F99BD09
03/18/2016 11:57:52.964 AM - INFO  - stuff_out,1649B249-E20D-E47B-6D0D-00003E489717
03/18/2016 11:57:52.967 AM - INFO  - stuff_out,0FB786F3-C394-57B3-DACD-00002D73EC07
03/18/2016 11:57:52.971 AM - INFO  - stuff_out,158CD6E1-58D4-F010-DE56-00001425197C
03/18/2016 11:57:52.974 AM - INFO  - stuff_out,0FAC2639-7038-A577-4C44-00001B861D97
03/18/2016 11:57:52.977 AM - INFO  - stuff_out,076DEABB-20DA-43E9-A4C7-F3FAEDF5B1FC
03/18/2016 11:57:52.980 AM - INFO  - stuff_out,8D8E3E5A-2685-40AF-9EF9-E3113B3C62AA
03/18/2016 11:57:52.983 AM - INFO  - stuff_out,F8B4DF74-C71B-45A3-9B9A-F6141C4D3C56
03/18/2016 11:57:52.988 AM - INFO  - stuff_out,718A83C5-34BF-06CA-DE2C-00001F4336B0
03/18/2016 11:57:52.991 AM - INFO  - stuff_out,75BB6CD8-154A-E083-E5AB-000034916EFA
03/18/2016 11:57:52.994 AM - INFO  - stuff_out,380CFA0C-4693-8C0F-2DF3-00006A0ABEF2
03/18/2016 11:57:52.997 AM - INFO  - stuff_out,677E3841-687C-ACE7-877F-000014C4DA79
03/18/2016 11:57:53.000 AM - INFO  - stuff_out,07E34896-73E5-EDE7-172F-0000445D15A4
03/18/2016 11:57:53.004 AM - INFO  - stuff_out,3B37E50C-9533-71A5-1CD6-00001A8D3A6C
03/18/2016 11:57:53.008 AM - INFO  - stuff_out,2DF69612-8F51-1B21-326B-00005D4C3602
03/18/2016 11:57:53.011 AM - INFO  - stuff_out,366DED28-F902-2925-736F-00006B6594A3
03/18/2016 11:57:53.016 AM - INFO  - stuff_out,5A01906A-4D50-CDE6-F5F1-00001F40AD98
03/18/2016 11:57:53.020 AM - INFO  - stuff_out,4F44E62F-4051-A0B6-1E06-000045AE4EF9
03/18/2016 11:57:53.023 AM - INFO  - stuff_out,36C2E12C-2BCA-F599-2BBD-000063C0C406
03/18/2016 11:57:53.027 AM - INFO  - stuff_out,04859914-F25D-E867-E1DF-0000464EFBFD
03/18/2016 11:57:53.030 AM - INFO  - stuff_out,6B81C31A-171A-B650-700F-00003F201661
03/18/2016 11:57:53.034 AM - INFO  - stuff_out,539D5AA7-B4D3-CA20-0B6D-00002C7D44EE
03/18/2016 11:57:53.037 AM - INFO  - stuff_out,660D6D82-2218-11E3-86B1-F23C91AEC05E
03/18/2016 11:57:53.040 AM - INFO  - stuff_out,2D4957D5-77D3-4EC7-BF80-E4E6AC7A3EF3
03/18/2016 11:57:53.044 AM - INFO  - stuff_out,AA458565-7711-4BE1-ADA3-91716EABFA21
03/18/2016 11:57:53.047 AM - INFO  - stuff_out,E015841A-D456-46E1-8A18-E0CEB9E69CD5
03/18/2016 11:57:53.050 AM - INFO  - stuff_out,52FF4B77-0614-4D8B-9B96-C07EC852793E
03/18/2016 11:57:53.054 AM - INFO  - stuff_out,D0059CEB-5F5C-4D21-8C71-842BD0F88468
03/18/2016 11:57:53.057 AM - INFO  - stuff_out,2773FEAA-448F-410E-BEDE-9298C4749066
03/18/2016 11:57:53.060 AM - INFO  - stuff_out,00871FE9-7114-4A09-BF4F-C0B833D4F1CB
03/18/2016 11:57:53.064 AM - INFO  - stuff_out,DB6E98D3-64A9-4FF6-8F11-9E626DCAED6D
03/18/2016 11:57:53.067 AM - INFO  - stuff_out,25B014D9-CC71-484D-93D9-5E93B51C6B36
03/18/2016 11:57:53.070 AM - INFO  - stuff_out,088E8D53-3705-4362-B04D-8EDF0DBE50E5
03/18/2016 11:57:53.074 AM - INFO  - stuff_out,5F5ED8A1-AD1C-41BD-878A-BE45A9B28739
03/18/2016 11:57:53.077 AM - INFO  - stuff_out,F2400BE8-D8EB-48EB-B4E4-5D4377062A7F
03/18/2016 11:57:53.080 AM - INFO  - stuff_out,628F5A96-021B-4191-926B-B3BF49272866
03/18/2016 11:57:53.083 AM - INFO  - stuff_out,FA686EE7-D01D-43A3-8E95-A00120658040
03/18/2016 11:57:53.086 AM - INFO  - stuff_out,7897B317-7AD3-44E4-A933-0544A169AB1B
03/18/2016 11:57:53.090 AM - INFO  - stuff_out,920E5C50-41E1-4DAC-8D48-D9C860E49228
03/18/2016 11:57:53.093 AM - INFO  - stuff_out,D15DC4C4-D74F-4E4B-B4B1-2B03A35A284D
03/18/2016 11:57:53.096 AM - INFO  - stuff_out,7860561C-779A-4E45-A7B9-06A1E0E984E8
03/18/2016 11:57:53.100 AM - INFO  - stuff_out,F8BE3C55-88E8-4103-A936-B1E5CB1D330E
03/18/2016 11:57:53.103 AM - INFO  - stuff_out,0582ACC2-11D8-4FE5-888D-61837BA8F43E
03/18/2016 11:57:53.106 AM - INFO  - stuff_out,99D9A065-CD45-4E20-9C86-579C8AD42E5E
03/18/2016 11:57:53.110 AM - INFO  - stuff_out,DC4D6549-D5F4-4E1A-959A-6BD536737A21
03/18/2016 11:57:53.113 AM - INFO  - stuff_out,FCDB4F81-31EC-462B-9183-D506E6798C0B
03/18/2016 11:57:53.116 AM - INFO  - stuff_out,A36A6621-CF4A-4FB6-8CB2-D420D630A134
03/18/2016 11:57:53.119 AM - INFO  - stuff_out,9CB82EB8-CA38-44CD-9CC8-EBC56401BBB2
03/18/2016 11:57:53.123 AM - INFO  - stuff_out,321674DB-CE7C-417C-ADE8-64CFA376CD3E
03/18/2016 11:57:53.126 AM - INFO  - stuff_out,1AEF36BD-FB72-4B52-8845-4EF4AC7B709A
03/18/2016 11:57:53.129 AM - INFO  - stuff_out,3BCBC1C5-9D99-45BB-B15D-B03D2C069CED
03/18/2016 11:57:53.133 AM - INFO  - stuff_out,59C57E56-3EE6-4EF7-873F-7ED084B0EB22
03/18/2016 11:57:53.136 AM - INFO  - stuff_out,F91861FB-4FEA-455F-9570-828D7903DC64
03/18/2016 11:57:53.139 AM - INFO  - stuff_out,D55DC7A7-AAFA-43C6-B432-A192FF64141E
03/18/2016 11:57:53.143 AM - INFO  - stuff_out,50FE258D-CC94-4748-9223-55F1129E5FB3
03/18/2016 11:57:53.146 AM - INFO  - stuff_out,49C99A6E-CCC1-4015-81F6-D7C43B592034
03/18/2016 11:57:53.149 AM - INFO  - stuff_out,BA1C9760-8ECD-4182-8354-5D880F2FC81B
03/18/2016 11:57:53.152 AM - INFO  - stuff_out,D924DBE1-1231-434A-80EF-234BA09D1E30
03/18/2016 11:57:53.155 AM - INFO  - stuff_out,AA193B9F-02FD-47B9-B60D-C42B9AB35E1C
03/18/2016 11:57:53.159 AM - INFO  - stuff_out,734385F1-0D17-4B5F-9138-24DC8D4F06C6
03/18/2016 11:57:53.162 AM - INFO  - stuff_out,3F4BCF74-3503-4533-9D74-5A65EC4CA3C4
03/18/2016 11:57:53.165 AM - INFO  - stuff_out,6A03BC65-BD03-4B68-B51E-2543F9471D42
03/18/2016 11:57:53.168 AM - INFO  - stuff_out,5E1C9860-2D9E-4A94-A11D-DA0FD9B31470
03/18/2016 11:57:53.171 AM - INFO  - stuff_out,6E00FB27-C0E2-4859-93A0-BF516C44C95F
03/18/2016 11:57:53.174 AM - INFO  - stuff_out,0A4331F9-4D2B-4474-A9F5-8DBE6655714C
03/18/2016 11:57:53.178 AM - INFO  - stuff_out,36DB043B-E4E9-4BB6-936C-3564335C34EF
03/18/2016 11:57:53.181 AM - INFO  - stuff_out,81525F4F-7BCA-471B-B1E3-2601EFD242E0
03/18/2016 11:57:53.184 AM - INFO  - stuff_out,757C822A-6A23-42E6-9A30-2B0977960E3D
03/18/2016 11:57:53.188 AM - INFO  - stuff_out,D3606AED-7593-460A-94FD-2859C71386FF
03/18/2016 11:57:53.191 AM - INFO  - stuff_out,FB2987AA-926E-4F5D-A04A-407E0415A3FD
03/18/2016 11:57:53.194 AM - INFO  - stuff_out,66FC8180-27E6-4335-B571-4D38D3BC633A
03/18/2016 11:57:53.197 AM - INFO  - stuff_out,E175F999-1164-48AA-83E1-6C14FC5E8C82
03/18/2016 11:57:53.200 AM - INFO  - stuff_out,BA6468F6-2130-45FC-A2F7-26A7781B09CE
03/18/2016 11:57:53.203 AM - INFO  - stuff_out,9D0DC2A2-BE67-4499-B730-87C7DDE25860
03/18/2016 11:57:53.207 AM - INFO  - stuff_out,223E2E7D-AA90-4ADC-93CB-D304E794E3E6
03/18/2016 11:57:53.210 AM - INFO  - stuff_out,1B416A7F-D49B-43FC-8308-F14AA9531AF8
03/18/2016 11:57:53.213 AM - INFO  - stuff_out,00B169F1-2BE2-4986-8B93-825FEB944FFD
03/18/2016 11:57:53.217 AM - INFO  - stuff_out,BACF0220-900B-4409-8CB2-30A09836A650
03/18/2016 11:57:53.220 AM - INFO  - stuff_out,39488429-3940-4360-9A32-FE53298C2CA2
03/18/2016 11:57:53.223 AM - INFO  - stuff_out,9BF2D71A-0986-4025-9C97-15B65F07C568
03/18/2016 11:57:53.226 AM - INFO  - stuff_out,A9137009-B5BA-4C58-BCD3-7753909918B5
03/18/2016 11:57:53.230 AM - INFO  - stuff_out,B853CC3A-D173-4DA4-9832-6D0148C8F01F
03/18/2016 11:57:53.233 AM - INFO  - stuff_out,ACBEDC97-956C-45F5-97E3-65A6D9987625
03/18/2016 11:57:53.237 AM - INFO  - stuff_out,9EDB2BD1-9E1B-4931-ADD2-2724E3A25CBF
03/18/2016 11:57:53.240 AM - INFO  - stuff_out,5CBA8C5A-3191-434A-8DE1-C0C3CAC9C4F4
03/18/2016 11:57:53.249 AM - INFO  - stuff_out,D3EE5B55-6F2E-4247-8C94-E7CFC4C5B648
03/18/2016 11:57:53.253 AM - INFO  - stuff_out,C4FF9CDA-B4E4-4841-97E0-7F799B85B657
03/18/2016 11:57:53.257 AM - INFO  - stuff_out,A37CE5AA-4D2A-4441-BC6A-0A1D7EC49647
03/18/2016 11:57:53.261 AM - INFO  - stuff_out,11055B92-CBEF-4272-8B50-0450BDA154E5
03/18/2016 11:57:53.266 AM - INFO  - stuff_out,3FC00449-5101-461D-94C6-10920C30EBF4
03/18/2016 11:57:53.270 AM - INFO  - stuff_out,1A0F9B0E-26CE-4DE0-BE47-C74D1AB2B389
03/18/2016 11:57:53.274 AM - INFO  - stuff_out,C41D0367-9852-4AA7-9E7E-DEA162A4CBB0
03/18/2016 11:57:53.279 AM - INFO  - stuff_out,6AAAE037-7E66-4F5D-BED0-0042245C26BC
03/18/2016 11:57:53.283 AM - INFO  - stuff_out,EE80E648-C64D-4802-8868-C57AAFEACC55
03/18/2016 11:57:53.287 AM - INFO  - stuff_out,C6F56AE3-8E9C-4568-85CA-CA5F1EF15DCE
03/18/2016 11:57:53.292 AM - INFO  - stuff_out,71364A69-1549-472E-AF78-FDA4FDA016EB
03/18/2016 11:57:53.296 AM - INFO  - stuff_out,C68BD5DC-F756-484E-A9FE-F2D1FD432B2A
03/18/2016 11:57:53.300 AM - INFO  - stuff_out,C995E97E-BE7F-44BB-A38D-FE884CF837F5
03/18/2016 11:57:53.304 AM - INFO  - stuff_out,64B64199-7F12-4A33-A962-4AD314E9593D
03/18/2016 11:57:53.308 AM - INFO  - stuff_out,C2DFF741-7091-43C7-B8B1-B075E7FF914F
03/18/2016 11:57:53.311 AM - INFO  - stuff_out,54F59BB2-AD49-42C7-ABAA-B60765F4F926
03/18/2016 11:57:53.315 AM - INFO  - stuff_out,72298F1A-98C7-4BED-8617-11DEFEFB625F
03/18/2016 11:57:53.318 AM - INFO  - stuff_out,3E534F9D-A25F-4CAF-8AAF-FF95DA8F8B64
03/18/2016 11:57:53.322 AM - INFO  - stuff_out,344344D6-5CA1-43B4-8D4B-CD1763883BE2
03/18/2016 11:57:53.325 AM - INFO  - stuff_out,0562209B-4C68-4E77-8B57-13CBF53D05BD
03/18/2016 11:57:53.328 AM - INFO  - stuff_out,1172C52C-6979-4293-8F01-80FADA5A2B69
03/18/2016 11:57:53.332 AM - INFO  - stuff_out,7C9887BD-4AE4-47F2-A0AA-4BBB6736D433
03/18/2016 11:57:53.336 AM - INFO  - stuff_out,F428CCD3-FF90-4E80-8C60-BFF17F72F0FA
03/18/2016 11:57:53.339 AM - INFO  - stuff_out,835D7132-1767-4462-AAE0-A27ECBD4E5AB
03/18/2016 11:57:53.343 AM - INFO  - stuff_out,F6ED77CC-077C-48B6-B730-25CB7C62558D
03/18/2016 11:57:53.346 AM - INFO  - stuff_out,6E6AAD4F-8869-428A-B507-54EACE8613E9
03/18/2016 11:57:53.350 AM - INFO  - stuff_out,1DE24EEE-FA95-880A-6CD8-00004ACEEBAA
03/18/2016 11:57:53.354 AM - INFO  - stuff_out,56D20C44-70E3-84B3-3462-000052EF2DFC
03/18/2016 11:57:53.357 AM - INFO  - stuff_out,54B425ED-160C-AF0B-0A47-000000BFC4DC
03/18/2016 11:57:53.360 AM - INFO  - stuff_out,2E1547E6-64AC-954F-908A-0000159D66C9
03/18/2016 11:57:53.364 AM - INFO  - stuff_out,10C72135-272E-3DB0-2E2E-00001A64E4EB
03/18/2016 11:57:53.367 AM - INFO  - stuff_out,55F10DD6-88AE-7AC7-9F76-000051EB1669
03/18/2016 11:57:53.370 AM - INFO  - stuff_out,210C7183-6068-6889-FD98-0000002425AA
03/18/2016 11:57:53.373 AM - INFO  - stuff_out,4524BBF8-BA3E-7538-BA15-000046E4E860
03/18/2016 11:57:53.377 AM - INFO  - stuff_out,5E541AFC-C6C5-E2A8-9F79-0000427FC577
03/18/2016 11:57:53.380 AM - INFO  - stuff_out,527D29BC-1FF3-9671-EDFF-0000263F0C95
03/18/2016 11:57:53.383 AM - INFO  - stuff_out,75531DD0-7EDD-F186-B6EF-00000EE84051
03/18/2016 11:57:53.386 AM - INFO  - stuff_out,31D68D7C-E173-8513-AC44-0000735CBC94
03/18/2016 11:57:53.390 AM - INFO  - stuff_out,4D60D3B7-BB11-6141-11D4-000005AFA23B
03/18/2016 11:57:53.393 AM - INFO  - stuff_out,4DC3D267-9013-0A76-0216-00002C7B1288
03/18/2016 11:57:53.397 AM - INFO  - stuff_out,43FDB588-1697-3733-18F8-0000547949CA
03/18/2016 11:57:53.400 AM - INFO  - stuff_out,66DB9819-C610-730B-041D-00000E021D51
03/18/2016 11:57:53.404 AM - INFO  - stuff_out,2CD2B806-A8E7-F596-60E5-000047FF5A99
03/18/2016 11:57:53.407 AM - INFO  - stuff_out,4D9517BC-5F6E-6BF0-9415-00003B13FFCC
03/18/2016 11:57:53.410 AM - INFO  - stuff_out,1DFEC861-67A9-AA24-2745-000011884BD7
03/18/2016 11:57:53.413 AM - INFO  - stuff_out,0B2B193F-7CD3-1EA9-1409-00007EEB6BC7
03/18/2016 11:57:53.416 AM - INFO  - stuff_out,11F116EA-65D9-C07C-3472-00007E4D5964
03/18/2016 11:57:53.419 AM - INFO  - stuff_out,2E8CAD2F-0089-2D85-AEB6-000068C73388
03/18/2016 11:57:53.423 AM - INFO  - stuff_out,6E085B75-96C2-CF37-4B4D-00004FD8E8E9
03/18/2016 11:57:53.426 AM - INFO  - stuff_out,29A341F3-CDE0-3C20-5C13-00003DC81490
03/18/2016 11:57:53.429 AM - INFO  - stuff_out,1ABE19A0-6517-E4F7-2BBD-000036C7AB37
03/18/2016 11:57:53.432 AM - INFO  - stuff_out,6EB9C3F9-4939-7178-A027-00000B7F9CDC
03/18/2016 11:57:53.435 AM - INFO  - stuff_out,67133569-B55D-FC1A-22B7-00000C2B2E63
03/18/2016 11:57:53.439 AM - INFO  - stuff_out,66F26BD2-DCCB-AEE0-077A-00003F84FDE4
03/18/2016 11:57:53.442 AM - INFO  - stuff_out,3438A450-9AF8-4A98-728B-00001D823CA3
03/18/2016 11:57:53.445 AM - INFO  - stuff_out,515B0077-AE5B-EFB1-572F-00000C66F626
03/18/2016 11:57:53.448 AM - INFO  - stuff_out,3BAA3F26-F664-32C5-5C8B-0000221FAD42
03/18/2016 11:57:53.451 AM - INFO  - stuff_out,4DA7D98E-2176-EE41-235F-00003CC03E9B
03/18/2016 11:57:53.455 AM - INFO  - stuff_out,714E5145-C320-913A-936A-00000E6951A9
03/18/2016 11:57:53.458 AM - INFO  - stuff_out,F881A707-745E-4C6D-90D1-F820EE3B1470
03/18/2016 11:57:53.462 AM - INFO  - stuff_out,4F64E265-DC82-4759-B1AD-C40EA2DB286D
03/18/2016 11:57:53.465 AM - INFO  - stuff_out,F463C069-2394-4A68-87FA-5A3F7DA8E1FE
03/18/2016 11:57:53.468 AM - INFO  - stuff_out,4D3A2FD4-3B21-458C-AFE5-1D3600D77CC8
03/18/2016 11:57:53.471 AM - INFO  - stuff_out,4044DD19-B545-FAE6-1541-00005FD08DC5
03/18/2016 11:57:53.474 AM - INFO  - stuff_out,8996DBA5-2452-4E87-9105-717FCFDE9253
03/18/2016 11:57:53.477 AM - INFO  - stuff_out,1F294FF1-6732-2D4A-6262-00003A363524
03/18/2016 11:57:53.480 AM - INFO  - stuff_out,E2442E9C-A061-44D1-859F-C7F2A4E2B8FB
03/18/2016 11:57:53.484 AM - INFO  - stuff_out,86AE9A84-8EE2-4B2E-8416-66F21C347BC7
03/18/2016 11:57:53.488 AM - INFO  - stuff_out,370FC1CD-0EFC-4B67-865F-41104CD8C8DB
03/18/2016 11:57:53.492 AM - INFO  - stuff_out,FFBE750A-970F-4451-8697-729CCFDF789F
03/18/2016 11:57:53.496 AM - INFO  - stuff_out,19106802-20AF-4C72-A4C9-135F5247DB7A
03/18/2016 11:57:53.500 AM - INFO  - stuff_out,24B099D3-94D7-4F88-B560-F0025073169C
03/18/2016 11:57:53.505 AM - INFO  - stuff_out,E6D164C6-ABDD-4B57-82F5-BC96C0FD3615
03/18/2016 11:57:53.551 AM - INFO  - stuff_out,359B041E-6853-400D-80F2-51BCB21211F0
03/18/2016 11:57:53.556 AM - INFO  - stuff_out,677DCBD1-B3C6-427D-B366-39F55AB24FCC
03/18/2016 11:57:53.560 AM - INFO  - stuff_out,08E4CE9D-C067-4FFC-8D0F-A46327598CCE
03/18/2016 11:57:53.564 AM - INFO  - stuff_out,5BC4A860-69F5-4B89-9706-5A1EE9965F4F
03/18/2016 11:57:53.568 AM - INFO  - stuff_out,5F6A8219-683F-25CD-DFE3-00007702BCBA
03/18/2016 11:58:07.890 AM - INFO  - stuff_out,84532C63-50B2-4B89-962E-087CFDAA08F3
03/18/2016 11:58:07.894 AM - INFO  - stuff_out,7140085A-1B05-4A6D-BCC7-61C7DD5C90C6
03/18/2016 11:58:07.898 AM - INFO  - stuff_out,08C0424D-728F-4F6F-8C30-5BE714CC98FE
03/18/2016 11:58:07.901 AM - INFO  - stuff_out,24CCC47B-83D6-4D8F-B19D-AC3CF5C71A0A
03/18/2016 11:58:07.904 AM - INFO  - stuff_out,08C0424D-728F-4F6F-8C30-5BE714CC98FA
03/18/2016 11:58:07.908 AM - INFO  - stuff_out,36ECD2B7-088C-5BD8-FFE9-0000274F259B
03/18/2016 11:58:07.912 AM - INFO  - stuff_out,9AD87E96-9AAD-4D45-8DB6-B014D152EB9C
03/18/2016 11:58:07.915 AM - INFO  - stuff_out,C9115044-F077-4061-8F1E-9AD9E5521EE4
03/18/2016 11:58:07.919 AM - INFO  - stuff_out,B1D3254D-A58E-4259-9796-8A2843A511A9
03/18/2016 11:58:07.922 AM - INFO  - stuff_out,32C1D67D-33DE-4F1E-864B-D45388F2E3E6
03/18/2016 11:58:07.925 AM - INFO  - stuff_out,C28C4F53-9963-46C0-A080-8F13E94E7486
03/18/2016 11:58:07.928 AM - INFO  - stuff_out,3FB96087-5FC0-486D-FFE9-0000179D4C14
03/18/2016 11:58:07.931 AM - INFO  - stuff_out,57EDC128-5631-C8C9-186D-00005BABAAA4
03/18/2016 11:58:07.934 AM - INFO  - stuff_out,63502400-AEF0-2037-21B0-00002E62B113
03/18/2016 11:58:07.937 AM - INFO  - stuff_out,51576E2F-F961-71A5-4551-0000240BF300
03/18/2016 11:58:07.940 AM - INFO  - stuff_out,0C7E977D-95F3-AB02-446E-00006EFABF58
03/18/2016 11:58:07.943 AM - INFO  - stuff_out,10286354-2815-A175-1C42-00005515636F
03/18/2016 11:58:07.947 AM - INFO  - stuff_out,6F33380C-D4DD-FF23-8D99-00003084405C
03/18/2016 11:58:07.950 AM - INFO  - stuff_out,3A9D70E6-2A1A-2CD9-6BE1-0000089F8D18
03/18/2016 11:58:07.954 AM - INFO  - stuff_out,22E82714-A3F3-C2EA-C44E-00005511EA95
03/18/2016 11:58:07.957 AM - INFO  - stuff_out,0B4007D5-36B8-76BA-EA29-000029A1321B
03/18/2016 11:58:07.960 AM - INFO  - stuff_out,15E09FF7-1C59-3F24-6908-000038058CB8
03/18/2016 11:58:07.963 AM - INFO  - stuff_out,76BED68B-7C94-0F69-C5EC-0000521B2529
03/18/2016 11:58:07.966 AM - INFO  - stuff_out,7424D0DB-156F-394F-73C0-000045F07DAA
03/18/2016 11:58:07.970 AM - INFO  - stuff_out,2FCA47C5-EF06-779F-7B8C-000048C1436B
03/18/2016 11:58:07.973 AM - INFO  - stuff_out,08314B1E-A2C5-62D1-8E4E-00001393A771
03/18/2016 11:58:07.976 AM - INFO  - stuff_out,42D5F5C1-742E-AFE6-5D10-000018BBD9ED
03/18/2016 11:58:07.979 AM - INFO  - stuff_out,54E0634A-BACE-574E-F79D-00000FB77C7F
03/18/2016 11:58:07.982 AM - INFO  - stuff_out,574E7DE8-371F-0693-C034-00003DDA9667
03/18/2016 11:58:07.985 AM - INFO  - stuff_out,59C863EA-C5B2-6426-0A06-0000712F278F
03/18/2016 11:58:07.989 AM - INFO  - stuff_out,4ECE5756-F785-6424-A6D2-000079E552F3
03/18/2016 11:58:07.992 AM - INFO  - stuff_out,3EA90E0A-D2A9-7CA9-5351-000002340103
03/18/2016 11:58:07.995 AM - INFO  - stuff_out,242E6D16-D1E8-09A0-FCB2-000049E12420
03/18/2016 11:58:07.998 AM - INFO  - stuff_out,5994ADBB-FDEF-6E94-F557-000006D65828
03/18/2016 11:58:08.004 AM - INFO  - stuff_out,6235AD99-4A2E-2BB3-2241-00003529E300
03/18/2016 11:58:08.007 AM - INFO  - stuff_out,50F63044-E9E2-1EED-6B24-00007FDD2CD8
03/18/2016 11:58:08.010 AM - INFO  - stuff_out,11AB5A7D-CD9B-7F9A-8EAA-000042D6577E
03/18/2016 11:58:08.014 AM - INFO  - stuff_out,060A337A-91AF-7C1F-EBC3-0000041D5457
03/18/2016 11:58:08.017 AM - INFO  - stuff_out,218C1DDD-A95F-D87D-065A-00005107331C
03/18/2016 11:58:08.020 AM - INFO  - stuff_out,2FAC9CD3-F918-CEC7-91A2-00002EB8444B
03/18/2016 11:58:08.023 AM - INFO  - stuff_out,438BAFE3-82BA-8553-4C41-000009A354E3
03/18/2016 11:58:08.026 AM - INFO  - stuff_out,421A0806-E3D1-CC9C-3595-00003734E3B6
03/18/2016 11:58:08.029 AM - INFO  - stuff_out,7151DE0A-9CA5-3039-F113-000062E246C9
03/18/2016 11:58:08.032 AM - INFO  - stuff_out,759568D6-F5E9-A681-6E6B-00001CA93F10
03/18/2016 11:58:08.036 AM - INFO  - stuff_out,44937337-430D-2146-9B71-000034EE4A40
03/18/2016 11:58:08.039 AM - INFO  - stuff_out,084CCAE6-C64B-9C18-0621-00000A889B0D
03/18/2016 11:58:08.042 AM - INFO  - stuff_out,0E7B77E2-9DDB-BBD5-D88F-0000274EB15E
03/18/2016 11:58:08.045 AM - INFO  - stuff_out,1F5EA67B-E553-ED4A-C2CD-000036AF5670
03/18/2016 11:58:08.048 AM - INFO  - stuff_out,3153EF1C-3090-7E4A-3AAD-000004665851
03/18/2016 11:58:08.052 AM - INFO  - stuff_out,5B303018-A66D-5B29-E272-000052F3D489
03/18/2016 11:58:08.055 AM - INFO  - stuff_out,060698EB-6F64-1C26-1B74-00002B2A9DBF
03/18/2016 11:58:08.059 AM - INFO  - stuff_out,7ADA7CBC-59A7-F26E-332D-000066F60BFE
03/18/2016 11:58:08.062 AM - INFO  - stuff_out,238D8581-EA63-1A1B-FED1-000025FD5D28
03/18/2016 11:58:08.065 AM - INFO  - stuff_out,1CEF0094-0363-604E-B2A8-000071264141
03/18/2016 11:58:08.068 AM - INFO  - stuff_out,06864C70-5068-0A86-2114-00004BCBDF89
03/18/2016 11:58:08.071 AM - INFO  - stuff_out,1D6FF50A-729F-35C7-A312-0000256D09C9
03/18/2016 11:58:08.075 AM - INFO  - stuff_out,199D7E51-04FA-D325-5F27-00004AC71DAA
03/18/2016 11:58:08.078 AM - INFO  - stuff_out,566CAA40-7C13-0100-D400-00004CB26984
03/18/2016 11:58:08.081 AM - INFO  - stuff_out,552D8072-E80E-FEAC-D30B-000067278357
03/18/2016 11:58:08.084 AM - INFO  - stuff_out,531FF9A9-F0E1-710A-6F77-0000178FF1F8
03/18/2016 11:58:08.087 AM - INFO  - stuff_out,6B56DCDD-6839-804F-E01D-00001A16C75E
03/18/2016 11:58:08.090 AM - INFO  - stuff_out,4D7AF9B3-7E82-AC00-5673-000036F9ABC5
03/18/2016 11:58:08.094 AM - INFO  - stuff_out,417C2EB5-8EA9-1A01-4E6D-000036920AAF
03/18/2016 11:58:08.097 AM - INFO  - stuff_out,2DFB8326-4B5F-78D6-5140-0000405E4DAF
03/18/2016 11:58:08.100 AM - INFO  - stuff_out,6F3E3D2C-4CC2-8559-B961-00001635A585
03/18/2016 11:58:08.104 AM - INFO  - stuff_out,1C05CA27-D4D0-C491-1CCA-00002EDA40D9
03/18/2016 11:58:08.107 AM - INFO  - stuff_out,076DEABB-20DA-43E9-A4C7-F3FAEDF5B1FC
03/18/2016 11:58:08.111 AM - INFO  - stuff_out,8D8E3E5A-2685-40AF-9EF9-E3113B3C62AA
03/18/2016 11:58:08.114 AM - INFO  - stuff_out,F8B4DF74-C71B-45A3-9B9A-F6141C4D3C56
03/18/2016 11:58:08.118 AM - INFO  - stuff_out,4113B407-58F1-7200-7700-00001677D6C5
03/18/2016 11:58:08.124 AM - INFO  - stuff_out,15B52B09-6701-87BD-8D3B-00000F0F4739
03/18/2016 11:58:08.128 AM - INFO  - stuff_out,340CF6E8-140A-BCE9-94A8-00005F9AE138
03/18/2016 11:58:08.131 AM - INFO  - stuff_out,31385491-14D5-E1EA-FB56-0000724CD070
03/18/2016 11:58:08.134 AM - INFO  - stuff_out,1108A3B0-808C-8F6F-EC4E-000056571CE1
03/18/2016 11:58:08.137 AM - INFO  - stuff_out,7129240F-8ED3-E184-E163-000016F251BB
03/18/2016 11:58:08.140 AM - INFO  - stuff_out,7ED3D7C1-00F4-963C-6E8C-00003C7ED30A
03/18/2016 11:58:08.144 AM - INFO  - stuff_out,2A51548D-0AAF-88C4-205A-00000E683079
03/18/2016 11:58:08.147 AM - INFO  - stuff_out,5A465F52-2ECB-3355-3683-00003E650EBC
03/18/2016 11:58:08.150 AM - INFO  - stuff_out,5CAA78A4-8683-2126-465A-00005013CB6F
03/18/2016 11:58:08.153 AM - INFO  - stuff_out,43910D7B-28E4-C619-CFFE-0000676245D2
03/18/2016 11:58:08.156 AM - INFO  - stuff_out,64D61304-9F54-557B-0EE1-00001C16EF92
03/18/2016 11:58:08.159 AM - INFO  - stuff_out,25CA68A6-7DAC-AD28-459C-00005AD01E76
03/18/2016 11:58:08.162 AM - INFO  - stuff_out,1580038E-6AA9-810C-4816-0000406DA7F8
03/18/2016 11:58:08.165 AM - INFO  - stuff_out,660D6D82-2218-11E3-86B1-F23C91AEC05E
03/18/2016 11:58:08.169 AM - INFO  - stuff_out,2D4957D5-77D3-4EC7-BF80-E4E6AC7A3EF3
03/18/2016 11:58:08.172 AM - INFO  - stuff_out,AA458565-7711-4BE1-ADA3-91716EABFA21
03/18/2016 11:58:08.175 AM - INFO  - stuff_out,E015841A-D456-46E1-8A18-E0CEB9E69CD5
03/18/2016 11:58:08.178 AM - INFO  - stuff_out,52FF4B77-0614-4D8B-9B96-C07EC852793E
03/18/2016 11:58:08.181 AM - INFO  - stuff_out,D0059CEB-5F5C-4D21-8C71-842BD0F88468
03/18/2016 11:58:08.184 AM - INFO  - stuff_out,2773FEAA-448F-410E-BEDE-9298C4749066
03/18/2016 11:58:08.188 AM - INFO  - stuff_out,00871FE9-7114-4A09-BF4F-C0B833D4F1CB
03/18/2016 11:58:08.191 AM - INFO  - stuff_out,DB6E98D3-64A9-4FF6-8F11-9E626DCAED6D
03/18/2016 11:58:08.195 AM - INFO  - stuff_out,25B014D9-CC71-484D-93D9-5E93B51C6B36
03/18/2016 11:58:08.198 AM - INFO  - stuff_out,088E8D53-3705-4362-B04D-8EDF0DBE50E5
03/18/2016 11:58:08.202 AM - INFO  - stuff_out,5F5ED8A1-AD1C-41BD-878A-BE45A9B28739
03/18/2016 11:58:08.205 AM - INFO  - stuff_out,F2400BE8-D8EB-48EB-B4E4-5D4377062A7F
03/18/2016 11:58:08.208 AM - INFO  - stuff_out,628F5A96-021B-4191-926B-B3BF49272866
03/18/2016 11:58:08.211 AM - INFO  - stuff_out,FA686EE7-D01D-43A3-8E95-A00120658040
03/18/2016 11:58:08.214 AM - INFO  - stuff_out,7897B317-7AD3-44E4-A933-0544A169AB1B
03/18/2016 11:58:08.217 AM - INFO  - stuff_out,920E5C50-41E1-4DAC-8D48-D9C860E49228
03/18/2016 11:58:08.221 AM - INFO  - stuff_out,D15DC4C4-D74F-4E4B-B4B1-2B03A35A284D
03/18/2016 11:58:08.224 AM - INFO  - stuff_out,7860561C-779A-4E45-A7B9-06A1E0E984E8
03/18/2016 11:58:08.227 AM - INFO  - stuff_out,F8BE3C55-88E8-4103-A936-B1E5CB1D330E
03/18/2016 11:58:08.230 AM - INFO  - stuff_out,0582ACC2-11D8-4FE5-888D-61837BA8F43E
03/18/2016 11:58:08.233 AM - INFO  - stuff_out,99D9A065-CD45-4E20-9C86-579C8AD42E5E
03/18/2016 11:58:08.237 AM - INFO  - stuff_out,DC4D6549-D5F4-4E1A-959A-6BD536737A21
03/18/2016 11:58:08.240 AM - INFO  - stuff_out,FCDB4F81-31EC-462B-9183-D506E6798C0B
03/18/2016 11:58:08.243 AM - INFO  - stuff_out,A36A6621-CF4A-4FB6-8CB2-D420D630A134
03/18/2016 11:58:08.246 AM - INFO  - stuff_out,9CB82EB8-CA38-44CD-9CC8-EBC56401BBB2
03/18/2016 11:58:08.249 AM - INFO  - stuff_out,321674DB-CE7C-417C-ADE8-64CFA376CD3E
03/18/2016 11:58:08.252 AM - INFO  - stuff_out,1AEF36BD-FB72-4B52-8845-4EF4AC7B709A
03/18/2016 11:58:08.255 AM - INFO  - stuff_out,3BCBC1C5-9D99-45BB-B15D-B03D2C069CED
03/18/2016 11:58:08.259 AM - INFO  - stuff_out,59C57E56-3EE6-4EF7-873F-7ED084B0EB22
03/18/2016 11:58:08.262 AM - INFO  - stuff_out,F91861FB-4FEA-455F-9570-828D7903DC64
03/18/2016 11:58:08.265 AM - INFO  - stuff_out,D55DC7A7-AAFA-43C6-B432-A192FF64141E
03/18/2016 11:58:08.268 AM - INFO  - stuff_out,50FE258D-CC94-4748-9223-55F1129E5FB3
03/18/2016 11:58:08.272 AM - INFO  - stuff_out,49C99A6E-CCC1-4015-81F6-D7C43B592034
03/18/2016 11:58:08.274 AM - INFO  - stuff_out,BA1C9760-8ECD-4182-8354-5D880F2FC81B
03/18/2016 11:58:08.278 AM - INFO  - stuff_out,D924DBE1-1231-434A-80EF-234BA09D1E30
03/18/2016 11:58:08.281 AM - INFO  - stuff_out,AA193B9F-02FD-47B9-B60D-C42B9AB35E1C
03/18/2016 11:58:08.285 AM - INFO  - stuff_out,734385F1-0D17-4B5F-9138-24DC8D4F06C6
03/18/2016 11:58:08.288 AM - INFO  - stuff_out,3F4BCF74-3503-4533-9D74-5A65EC4CA3C4
03/18/2016 11:58:08.291 AM - INFO  - stuff_out,6A03BC65-BD03-4B68-B51E-2543F9471D42
03/18/2016 11:58:08.295 AM - INFO  - stuff_out,5E1C9860-2D9E-4A94-A11D-DA0FD9B31470
03/18/2016 11:58:08.298 AM - INFO  - stuff_out,6E00FB27-C0E2-4859-93A0-BF516C44C95F
03/18/2016 11:58:08.301 AM - INFO  - stuff_out,0A4331F9-4D2B-4474-A9F5-8DBE6655714C
03/18/2016 11:58:08.304 AM - INFO  - stuff_out,36DB043B-E4E9-4BB6-936C-3564335C34EF
03/18/2016 11:58:08.307 AM - INFO  - stuff_out,81525F4F-7BCA-471B-B1E3-2601EFD242E0
03/18/2016 11:58:08.310 AM - INFO  - stuff_out,757C822A-6A23-42E6-9A30-2B0977960E3D
03/18/2016 11:58:08.313 AM - INFO  - stuff_out,D3606AED-7593-460A-94FD-2859C71386FF
03/18/2016 11:58:08.316 AM - INFO  - stuff_out,FB2987AA-926E-4F5D-A04A-407E0415A3FD
03/18/2016 11:58:08.320 AM - INFO  - stuff_out,66FC8180-27E6-4335-B571-4D38D3BC633A
03/18/2016 11:58:08.323 AM - INFO  - stuff_out,E175F999-1164-48AA-83E1-6C14FC5E8C82
03/18/2016 11:58:08.326 AM - INFO  - stuff_out,BA6468F6-2130-45FC-A2F7-26A7781B09CE
03/18/2016 11:58:08.329 AM - INFO  - stuff_out,9D0DC2A2-BE67-4499-B730-87C7DDE25860
03/18/2016 11:58:08.332 AM - INFO  - stuff_out,223E2E7D-AA90-4ADC-93CB-D304E794E3E6
03/18/2016 11:58:08.336 AM - INFO  - stuff_out,1B416A7F-D49B-43FC-8308-F14AA9531AF8
03/18/2016 11:58:08.339 AM - INFO  - stuff_out,00B169F1-2BE2-4986-8B93-825FEB944FFD
03/18/2016 11:58:08.342 AM - INFO  - stuff_out,BACF0220-900B-4409-8CB2-30A09836A650
03/18/2016 11:58:08.345 AM - INFO  - stuff_out,39488429-3940-4360-9A32-FE53298C2CA2
03/18/2016 11:58:08.348 AM - INFO  - stuff_out,9BF2D71A-0986-4025-9C97-15B65F07C568
03/18/2016 11:58:08.351 AM - INFO  - stuff_out,A9137009-B5BA-4C58-BCD3-7753909918B5
03/18/2016 11:58:08.354 AM - INFO  - stuff_out,B853CC3A-D173-4DA4-9832-6D0148C8F01F
03/18/2016 11:58:08.357 AM - INFO  - stuff_out,ACBEDC97-956C-45F5-97E3-65A6D9987625
03/18/2016 11:58:08.360 AM - INFO  - stuff_out,9EDB2BD1-9E1B-4931-ADD2-2724E3A25CBF
03/18/2016 11:58:08.364 AM - INFO  - stuff_out,5CBA8C5A-3191-434A-8DE1-C0C3CAC9C4F4
03/18/2016 11:58:08.367 AM - INFO  - stuff_out,D3EE5B55-6F2E-4247-8C94-E7CFC4C5B648
03/18/2016 11:58:08.371 AM - INFO  - stuff_out,C4FF9CDA-B4E4-4841-97E0-7F799B85B657
03/18/2016 11:58:08.374 AM - INFO  - stuff_out,A37CE5AA-4D2A-4441-BC6A-0A1D7EC49647
03/18/2016 11:58:08.377 AM - INFO  - stuff_out,11055B92-CBEF-4272-8B50-0450BDA154E5
03/18/2016 11:58:08.381 AM - INFO  - stuff_out,3FC00449-5101-461D-94C6-10920C30EBF4
03/18/2016 11:58:08.384 AM - INFO  - stuff_out,1A0F9B0E-26CE-4DE0-BE47-C74D1AB2B389
03/18/2016 11:58:08.388 AM - INFO  - stuff_out,C41D0367-9852-4AA7-9E7E-DEA162A4CBB0
03/18/2016 11:58:08.390 AM - INFO  - stuff_out,6AAAE037-7E66-4F5D-BED0-0042245C26BC
03/18/2016 11:58:08.394 AM - INFO  - stuff_out,EE80E648-C64D-4802-8868-C57AAFEACC55
03/18/2016 11:58:08.397 AM - INFO  - stuff_out,C6F56AE3-8E9C-4568-85CA-CA5F1EF15DCE
03/18/2016 11:58:08.400 AM - INFO  - stuff_out,71364A69-1549-472E-AF78-FDA4FDA016EB
03/18/2016 11:58:08.403 AM - INFO  - stuff_out,C68BD5DC-F756-484E-A9FE-F2D1FD432B2A
03/18/2016 11:58:08.406 AM - INFO  - stuff_out,C995E97E-BE7F-44BB-A38D-FE884CF837F5
03/18/2016 11:58:08.409 AM - INFO  - stuff_out,64B64199-7F12-4A33-A962-4AD314E9593D
03/18/2016 11:58:08.413 AM - INFO  - stuff_out,C2DFF741-7091-43C7-B8B1-B075E7FF914F
03/18/2016 11:58:08.416 AM - INFO  - stuff_out,54F59BB2-AD49-42C7-ABAA-B60765F4F926
03/18/2016 11:58:08.419 AM - INFO  - stuff_out,72298F1A-98C7-4BED-8617-11DEFEFB625F
03/18/2016 11:58:08.422 AM - INFO  - stuff_out,3E534F9D-A25F-4CAF-8AAF-FF95DA8F8B64
03/18/2016 11:58:08.425 AM - INFO  - stuff_out,344344D6-5CA1-43B4-8D4B-CD1763883BE2
03/18/2016 11:58:08.429 AM - INFO  - stuff_out,0562209B-4C68-4E77-8B57-13CBF53D05BD
03/18/2016 11:58:08.432 AM - INFO  - stuff_out,1172C52C-6979-4293-8F01-80FADA5A2B69
03/18/2016 11:58:08.435 AM - INFO  - stuff_out,7C9887BD-4AE4-47F2-A0AA-4BBB6736D433
03/18/2016 11:58:08.441 AM - INFO  - stuff_out,F428CCD3-FF90-4E80-8C60-BFF17F72F0FA
03/18/2016 11:58:08.445 AM - INFO  - stuff_out,835D7132-1767-4462-AAE0-A27ECBD4E5AB
03/18/2016 11:58:08.451 AM - INFO  - stuff_out,F6ED77CC-077C-48B6-B730-25CB7C62558D
03/18/2016 11:58:08.458 AM - INFO  - stuff_out,6E6AAD4F-8869-428A-B507-54EACE8613E9
03/18/2016 11:58:08.467 AM - INFO  - stuff_out,549FD9C1-394E-5621-92B9-000036B3E66A
03/18/2016 11:58:08.473 AM - INFO  - stuff_out,5CDC5534-F88D-F3BB-A962-0000407F9987
03/18/2016 11:58:08.477 AM - INFO  - stuff_out,79388F25-044F-181A-9047-000058BF4E6E
03/18/2016 11:58:08.480 AM - INFO  - stuff_out,77B64546-3410-376A-3C8A-00003C8C8FFE
03/18/2016 11:58:08.484 AM - INFO  - stuff_out,30418BC0-0300-0506-DD6F-0000622FE218
03/18/2016 11:58:08.487 AM - INFO  - stuff_out,35A4C804-9A1F-94F6-CB6D-000071D78B65
03/18/2016 11:58:08.490 AM - INFO  - stuff_out,7E00CE46-964A-090D-4B58-00002315B611
03/18/2016 11:58:08.493 AM - INFO  - stuff_out,66642815-AF37-6160-2152-0000461EC4F7
03/18/2016 11:58:08.497 AM - INFO  - stuff_out,0E155818-96E1-9BC6-03F2-00000F0F2B60
03/18/2016 11:58:08.500 AM - INFO  - stuff_out,2CE8B359-AF17-40EE-CA49-0000531B8F30
03/18/2016 11:58:08.503 AM - INFO  - stuff_out,3655C2F0-366E-8CB5-C7A0-00003BD0F224
03/18/2016 11:58:08.506 AM - INFO  - stuff_out,12C9382A-5708-FB9F-B2C6-000045F4EEA9
03/18/2016 11:58:08.510 AM - INFO  - stuff_out,5360BD20-AAA3-EEE5-02DE-0000549A4BAA
03/18/2016 11:58:08.513 AM - INFO  - stuff_out,5DDDB14A-A16B-7AB0-F666-0000130DC6E2
03/18/2016 11:58:08.516 AM - INFO  - stuff_out,6D7C2933-0B6C-1A28-6A7D-000029934503
03/18/2016 11:58:08.519 AM - INFO  - stuff_out,0397DD48-A3CF-9FFE-FFF6-00007AD7932A
03/18/2016 11:58:08.522 AM - INFO  - stuff_out,5EFEE967-99EA-EB10-8C16-00001027FE26
03/18/2016 11:58:08.525 AM - INFO  - stuff_out,319E7913-E7D8-23D1-737B-000010DDBEC9
03/18/2016 11:58:08.528 AM - INFO  - stuff_out,4E1886C5-1791-4745-0E97-00000571EB7E
03/18/2016 11:58:08.532 AM - INFO  - stuff_out,7A1B9FFC-9805-86A5-DCFC-000041354A81
03/18/2016 11:58:08.535 AM - INFO  - stuff_out,11AE7C99-29E0-5D78-A67A-00005EC0AFF9
03/18/2016 11:58:08.538 AM - INFO  - stuff_out,0CF8BE03-BD9C-5C6A-4031-000055C95F8F
03/18/2016 11:58:08.541 AM - INFO  - stuff_out,17A0D149-1BBD-35A1-F7AB-000077A50C75
03/18/2016 11:58:08.544 AM - INFO  - stuff_out,74D512B0-1CBC-A40D-8B99-000073DB1DBE
03/18/2016 11:58:08.547 AM - INFO  - stuff_out,367DE05E-5745-7414-F181-00005E9F5443
03/18/2016 11:58:08.551 AM - INFO  - stuff_out,2E552B3D-C98E-B78E-FF77-000011611470
03/18/2016 11:58:08.554 AM - INFO  - stuff_out,7C84CDF9-D64C-5287-2C90-00006B9AC3CF
03/18/2016 11:58:08.557 AM - INFO  - stuff_out,7DAD8239-ACA5-89E5-27C2-000076836BA7
03/18/2016 11:58:08.560 AM - INFO  - stuff_out,2E10DDBA-F5F6-153A-AB47-000056CBE536
03/18/2016 11:58:08.563 AM - INFO  - stuff_out,643568BE-C557-0B65-4B4A-000039F807AE
03/18/2016 11:58:08.566 AM - INFO  - stuff_out,4AC04E3D-AD22-9F23-CC44-00000CA1907F
03/18/2016 11:58:08.570 AM - INFO  - stuff_out,43158853-238D-1C11-BBF9-0000535FE636
03/18/2016 11:58:08.573 AM - INFO  - stuff_out,3D030DFD-7C56-FC20-AEB4-00007904D5F6
03/18/2016 11:58:08.576 AM - INFO  - stuff_out,F881A707-745E-4C6D-90D1-F820EE3B1470
03/18/2016 11:58:08.579 AM - INFO  - stuff_out,4F64E265-DC82-4759-B1AD-C40EA2DB286D
03/18/2016 11:58:08.582 AM - INFO  - stuff_out,F463C069-2394-4A68-87FA-5A3F7DA8E1FE
03/18/2016 11:58:08.585 AM - INFO  - stuff_out,4D3A2FD4-3B21-458C-AFE5-1D3600D77CC8
03/18/2016 11:58:08.589 AM - INFO  - stuff_out,4044DD19-B545-FAE6-1541-00005FD08DC5
03/18/2016 11:58:08.592 AM - INFO  - stuff_out,8996DBA5-2452-4E87-9105-717FCFDE9253
03/18/2016 11:58:08.595 AM - INFO  - stuff_out,1F294FF1-6732-2D4A-6262-00003A363524
03/18/2016 11:58:08.598 AM - INFO  - stuff_out,E2442E9C-A061-44D1-859F-C7F2A4E2B8FB
03/18/2016 11:58:08.602 AM - INFO  - stuff_out,86AE9A84-8EE2-4B2E-8416-66F21C347BC7
03/18/2016 11:58:08.605 AM - INFO  - stuff_out,370FC1CD-0EFC-4B67-865F-41104CD8C8DB
03/18/2016 11:58:08.608 AM - INFO  - stuff_out,FFBE750A-970F-4451-8697-729CCFDF789F
03/18/2016 11:58:08.611 AM - INFO  - stuff_out,19106802-20AF-4C72-A4C9-135F5247DB7A
03/18/2016 11:58:08.614 AM - INFO  - stuff_out,24B099D3-94D7-4F88-B560-F0025073169C
03/18/2016 11:58:08.618 AM - INFO  - stuff_out,E6D164C6-ABDD-4B57-82F5-BC96C0FD3615
03/18/2016 11:58:08.621 AM - INFO  - stuff_out,359B041E-6853-400D-80F2-51BCB21211F0
03/18/2016 11:58:08.624 AM - INFO  - stuff_out,677DCBD1-B3C6-427D-B366-39F55AB24FCC
03/18/2016 11:58:08.627 AM - INFO  - stuff_out,08E4CE9D-C067-4FFC-8D0F-A46327598CCE
03/18/2016 11:58:08.630 AM - INFO  - stuff_out,5BC4A860-69F5-4B89-9706-5A1EE9965F4F
03/18/2016 11:58:08.634 AM - INFO  - stuff_out,5F6A8219-683F-25CD-DFE3-00007702BCBA
03/18/2016 12:00:53.345 PM - INFO  - stuff_out,84532C63-50B2-4B89-962E-087CFDAA08F3
03/18/2016 12:00:53.349 PM - INFO  - stuff_out,7140085A-1B05-4A6D-BCC7-61C7DD5C90C6
03/18/2016 12:00:53.352 PM - INFO  - stuff_out,08C0424D-728F-4F6F-8C30-5BE714CC98FE
03/18/2016 12:00:53.355 PM - INFO  - stuff_out,24CCC47B-83D6-4D8F-B19D-AC3CF5C71A0A
03/18/2016 12:00:53.358 PM - INFO  - stuff_out,08C0424D-728F-4F6F-8C30-5BE714CC98FA
03/18/2016 12:00:53.361 PM - INFO  - stuff_out,36ECD2B7-088C-5BD8-FFE9-0000274F259B
03/18/2016 12:00:53.364 PM - INFO  - stuff_out,9AD87E96-9AAD-4D45-8DB6-B014D152EB9C
03/18/2016 12:00:53.367 PM - INFO  - stuff_out,C9115044-F077-4061-8F1E-9AD9E5521EE4
03/18/2016 12:00:53.370 PM - INFO  - stuff_out,B1D3254D-A58E-4259-9796-8A2843A511A9
03/18/2016 12:00:53.373 PM - INFO  - stuff_out,32C1D67D-33DE-4F1E-864B-D45388F2E3E6
03/18/2016 12:00:53.376 PM - INFO  - stuff_out,C28C4F53-9963-46C0-A080-8F13E94E7486
03/18/2016 12:00:53.379 PM - INFO  - stuff_out,65FC196A-B275-2468-2E0E-000037459F15
03/18/2016 12:00:53.384 PM - INFO  - stuff_out,3BCF380C-BA81-7C49-CF3B-00007A8A4011
03/18/2016 12:00:53.387 PM - INFO  - stuff_out,0A745AF1-8993-4197-46F5-0000168ABA46
03/18/2016 12:00:53.390 PM - INFO  - stuff_out,6DCB5539-497F-51D1-9633-0000690315ED
03/18/2016 12:00:53.393 PM - INFO  - stuff_out,4994B077-7A5E-D28E-A329-0000668CFABB
03/18/2016 12:00:53.396 PM - INFO  - stuff_out,31A13F96-AA4E-1099-D564-00003B40BA27
03/18/2016 12:00:53.399 PM - INFO  - stuff_out,167D74D5-577C-913A-81E8-000078F8CF6C
03/18/2016 12:00:53.403 PM - INFO  - stuff_out,16F9F980-4E48-9531-F109-00006EBEB3B7
03/18/2016 12:00:53.406 PM - INFO  - stuff_out,2A08EC2E-D591-3B19-1DA5-00004C56672D
03/18/2016 12:00:53.409 PM - INFO  - stuff_out,3C8FE282-E3DE-0924-2991-000063EA1D2E
03/18/2016 12:00:53.412 PM - INFO  - stuff_out,1F21EA41-615E-9982-5951-00001AC7E1BA
03/18/2016 12:00:53.415 PM - INFO  - stuff_out,4A99E5D5-2936-B7E6-66B1-000057D5F1CC
03/18/2016 12:00:53.418 PM - INFO  - stuff_out,1EF5B521-9968-85C1-69E9-0000315563E0
03/18/2016 12:00:53.422 PM - INFO  - stuff_out,5D10206D-03D6-FE7B-5B71-00004FEA5E39
03/18/2016 12:00:53.467 PM - INFO  - stuff_out,23D0192C-AA12-9DF9-5D0D-000075DB244A
03/18/2016 12:00:53.470 PM - INFO  - stuff_out,062BB2B9-92D9-F466-6BAA-0000592D85B6
03/18/2016 12:00:53.473 PM - INFO  - stuff_out,3BA59D77-0E38-BB10-3B4B-0000730BD2BB
03/18/2016 12:00:53.476 PM - INFO  - stuff_out,0D382DFF-C720-38D2-6BD1-00001EBAA760
03/18/2016 12:00:53.479 PM - INFO  - stuff_out,70429F62-1482-7642-0073-0000222DB72D
03/18/2016 12:00:53.483 PM - INFO  - stuff_out,6754FCE2-8E6D-D60A-3847-00001EFABFAA
03/18/2016 12:00:53.486 PM - INFO  - stuff_out,603D41C9-247B-332D-DA41-00006263188D
03/18/2016 12:00:53.489 PM - INFO  - stuff_out,57E10371-1CC9-0C78-B3BC-000028471EA2
03/18/2016 12:00:53.492 PM - INFO  - stuff_out,00439971-C9D9-F1B2-10DE-00004D4C79AE
03/18/2016 12:00:53.495 PM - INFO  - stuff_out,57C8B627-E777-5378-1B2B-0000174DD319
03/18/2016 12:00:53.498 PM - INFO  - stuff_out,765E1A42-1FC4-8B3F-0804-00000F9F770B
03/18/2016 12:00:53.501 PM - INFO  - stuff_out,2E407B30-A409-50B0-66B9-00002A811945
03/18/2016 12:00:53.504 PM - INFO  - stuff_out,01A216D0-B286-9868-FF5D-00001F793FD2
03/18/2016 12:00:53.507 PM - INFO  - stuff_out,514D0422-7DE1-4AB9-C5D1-000038282A15
03/18/2016 12:00:53.510 PM - INFO  - stuff_out,54E2E580-6209-7C9E-84A5-00007A6A87E7
03/18/2016 12:00:53.513 PM - INFO  - stuff_out,68008D7A-79ED-F659-8BC1-000071AE48C9
03/18/2016 12:00:53.516 PM - INFO  - stuff_out,692CBE6D-1C0C-95A7-2136-00005F92636F
03/18/2016 12:00:53.519 PM - INFO  - stuff_out,03BE3D6E-02AD-CC03-075A-00006494BB3F
03/18/2016 12:00:53.522 PM - INFO  - stuff_out,609158AF-7AB0-ED4C-550E-00002E06339A
03/18/2016 12:00:53.525 PM - INFO  - stuff_out,5479468E-3FF5-2227-62BE-00004058AAC9
03/18/2016 12:00:53.528 PM - INFO  - stuff_out,7D34931F-1871-A620-A1DC-000045DD81FE
03/18/2016 12:00:53.531 PM - INFO  - stuff_out,51816E87-8ADF-3AD4-6C70-0000513F6500
03/18/2016 12:00:53.534 PM - INFO  - stuff_out,19000CAC-FD06-BF19-3721-000013AD8668
03/18/2016 12:00:53.537 PM - INFO  - stuff_out,65531FEF-B7E1-2F9E-6335-00006D966CDA
03/18/2016 12:00:53.540 PM - INFO  - stuff_out,2EC4946B-14C9-CF79-3E37-0000264F973A
03/18/2016 12:00:53.543 PM - INFO  - stuff_out,3351747C-9336-D31B-C83A-000048086B2F
03/18/2016 12:00:53.546 PM - INFO  - stuff_out,20B4FF9B-29E3-1C89-7D07-00003F447A4D
03/18/2016 12:00:53.549 PM - INFO  - stuff_out,28B975AE-0765-8C55-30E5-000012A519FE
03/18/2016 12:00:53.552 PM - INFO  - stuff_out,154D7C42-DBFB-4505-5AAF-000078F8B8B9
03/18/2016 12:00:53.555 PM - INFO  - stuff_out,1127B7BB-5EC9-024F-C942-00007A362BB9
03/18/2016 12:00:53.558 PM - INFO  - stuff_out,78A61785-5AA4-F663-FDC2-00000EB900CF
03/18/2016 12:00:53.562 PM - INFO  - stuff_out,13E41D96-6D0D-A473-7D55-000064FD6279
03/18/2016 12:00:53.565 PM - INFO  - stuff_out,374C29BB-D059-B90E-7C5F-00001D07568B
03/18/2016 12:00:53.568 PM - INFO  - stuff_out,4CC2CE90-774F-E86C-1927-000008A97BFD
03/18/2016 12:00:53.571 PM - INFO  - stuff_out,2F0B237C-BA05-A074-402C-000001BD38A5
03/18/2016 12:00:53.574 PM - INFO  - stuff_out,2DD1D987-4591-4938-3A79-00005216E9CF
03/18/2016 12:00:53.577 PM - INFO  - stuff_out,5E503F23-4334-3F6E-8E1B-00007920C2C9
03/18/2016 12:00:53.580 PM - INFO  - stuff_out,55D4583F-BC1E-8AE0-8D13-00005AE20CBF
03/18/2016 12:00:53.583 PM - INFO  - stuff_out,2EB2FE36-A32D-155E-0565-00001AE16598
03/18/2016 12:00:53.587 PM - INFO  - stuff_out,43D4EBF1-3E01-DC95-F240-0000267F6DFB
03/18/2016 12:00:53.590 PM - INFO  - stuff_out,780D8D7B-C3D0-AE6B-00DD-000071E1ECDC
03/18/2016 12:00:53.593 PM - INFO  - stuff_out,076DEABB-20DA-43E9-A4C7-F3FAEDF5B1FC
03/18/2016 12:00:53.595 PM - INFO  - stuff_out,8D8E3E5A-2685-40AF-9EF9-E3113B3C62AA
03/18/2016 12:00:53.598 PM - INFO  - stuff_out,F8B4DF74-C71B-45A3-9B9A-F6141C4D3C56
03/18/2016 12:00:53.601 PM - INFO  - stuff_out,124BE8EE-6AA4-5082-89AC-00003409A5AC
03/18/2016 12:00:53.604 PM - INFO  - stuff_out,655BD9E4-3BB8-E71D-37E0-000053F96BA7
03/18/2016 12:00:53.607 PM - INFO  - stuff_out,1C0ACC03-E757-054A-48DB-000014512ADE
03/18/2016 12:00:53.610 PM - INFO  - stuff_out,5CD55F3D-CD68-85CF-F48D-00000E2D79B5
03/18/2016 12:00:53.613 PM - INFO  - stuff_out,4B916158-FF2A-39DD-1C7F-00001C4ADB4E
03/18/2016 12:00:53.616 PM - INFO  - stuff_out,7683EC64-D605-0AD2-92B5-000021C8E155
03/18/2016 12:00:53.619 PM - INFO  - stuff_out,0B41A4C7-0A97-40DE-C351-0000085B0735
03/18/2016 12:00:53.622 PM - INFO  - stuff_out,10362CDC-27D4-FAC1-BB79-000049F92691
03/18/2016 12:00:53.625 PM - INFO  - stuff_out,04531F88-1BEF-1FEF-A69C-00003841548D
03/18/2016 12:00:53.628 PM - INFO  - stuff_out,491611D5-DC6F-204D-A72C-00000593492E
03/18/2016 12:00:53.631 PM - INFO  - stuff_out,08A96DDE-0E43-66FA-C981-00005AE1749C
03/18/2016 12:00:53.634 PM - INFO  - stuff_out,07AEDC61-6837-28BF-25E0-0000431FCDC4
03/18/2016 12:00:53.637 PM - INFO  - stuff_out,5CFE2149-6F51-4794-4CBF-000068849140
03/18/2016 12:00:53.640 PM - INFO  - stuff_out,575C365B-BD2B-86DB-BBB5-00005C158841
03/18/2016 12:00:53.643 PM - INFO  - stuff_out,660D6D82-2218-11E3-86B1-F23C91AEC05E
03/18/2016 12:00:53.646 PM - INFO  - stuff_out,2D4957D5-77D3-4EC7-BF80-E4E6AC7A3EF3
03/18/2016 12:00:53.650 PM - INFO  - stuff_out,AA458565-7711-4BE1-ADA3-91716EABFA21
03/18/2016 12:00:53.653 PM - INFO  - stuff_out,E015841A-D456-46E1-8A18-E0CEB9E69CD5
03/18/2016 12:00:53.656 PM - INFO  - stuff_out,52FF4B77-0614-4D8B-9B96-C07EC852793E
03/18/2016 12:00:53.659 PM - INFO  - stuff_out,D0059CEB-5F5C-4D21-8C71-842BD0F88468
03/18/2016 12:00:53.662 PM - INFO  - stuff_out,2773FEAA-448F-410E-BEDE-9298C4749066
03/18/2016 12:00:53.664 PM - INFO  - stuff_out,00871FE9-7114-4A09-BF4F-C0B833D4F1CB
03/18/2016 12:00:53.667 PM - INFO  - stuff_out,DB6E98D3-64A9-4FF6-8F11-9E626DCAED6D
03/18/2016 12:00:53.670 PM - INFO  - stuff_out,25B014D9-CC71-484D-93D9-5E93B51C6B36
03/18/2016 12:00:53.673 PM - INFO  - stuff_out,088E8D53-3705-4362-B04D-8EDF0DBE50E5
03/18/2016 12:00:53.676 PM - INFO  - stuff_out,5F5ED8A1-AD1C-41BD-878A-BE45A9B28739
03/18/2016 12:00:53.679 PM - INFO  - stuff_out,F2400BE8-D8EB-48EB-B4E4-5D4377062A7F
03/18/2016 12:00:53.682 PM - INFO  - stuff_out,628F5A96-021B-4191-926B-B3BF49272866
03/18/2016 12:00:53.685 PM - INFO  - stuff_out,FA686EE7-D01D-43A3-8E95-A00120658040
03/18/2016 12:00:53.688 PM - INFO  - stuff_out,7897B317-7AD3-44E4-A933-0544A169AB1B
03/18/2016 12:00:53.691 PM - INFO  - stuff_out,920E5C50-41E1-4DAC-8D48-D9C860E49228
03/18/2016 12:00:53.694 PM - INFO  - stuff_out,D15DC4C4-D74F-4E4B-B4B1-2B03A35A284D
03/18/2016 12:00:53.697 PM - INFO  - stuff_out,7860561C-779A-4E45-A7B9-06A1E0E984E8
03/18/2016 12:00:53.700 PM - INFO  - stuff_out,F8BE3C55-88E8-4103-A936-B1E5CB1D330E
03/18/2016 12:00:53.703 PM - INFO  - stuff_out,0582ACC2-11D8-4FE5-888D-61837BA8F43E
03/18/2016 12:00:53.706 PM - INFO  - stuff_out,99D9A065-CD45-4E20-9C86-579C8AD42E5E
03/18/2016 12:00:53.709 PM - INFO  - stuff_out,DC4D6549-D5F4-4E1A-959A-6BD536737A21
03/18/2016 12:00:53.712 PM - INFO  - stuff_out,FCDB4F81-31EC-462B-9183-D506E6798C0B
03/18/2016 12:00:53.715 PM - INFO  - stuff_out,A36A6621-CF4A-4FB6-8CB2-D420D630A134
03/18/2016 12:00:53.718 PM - INFO  - stuff_out,9CB82EB8-CA38-44CD-9CC8-EBC56401BBB2
03/18/2016 12:00:53.721 PM - INFO  - stuff_out,321674DB-CE7C-417C-ADE8-64CFA376CD3E
03/18/2016 12:00:53.724 PM - INFO  - stuff_out,1AEF36BD-FB72-4B52-8845-4EF4AC7B709A
03/18/2016 12:00:53.727 PM - INFO  - stuff_out,3BCBC1C5-9D99-45BB-B15D-B03D2C069CED
03/18/2016 12:00:53.730 PM - INFO  - stuff_out,59C57E56-3EE6-4EF7-873F-7ED084B0EB22
03/18/2016 12:00:53.733 PM - INFO  - stuff_out,F91861FB-4FEA-455F-9570-828D7903DC64
03/18/2016 12:00:53.736 PM - INFO  - stuff_out,D55DC7A7-AAFA-43C6-B432-A192FF64141E
03/18/2016 12:00:53.739 PM - INFO  - stuff_out,50FE258D-CC94-4748-9223-55F1129E5FB3
03/18/2016 12:00:53.742 PM - INFO  - stuff_out,49C99A6E-CCC1-4015-81F6-D7C43B592034
03/18/2016 12:00:53.745 PM - INFO  - stuff_out,BA1C9760-8ECD-4182-8354-5D880F2FC81B
03/18/2016 12:00:53.748 PM - INFO  - stuff_out,D924DBE1-1231-434A-80EF-234BA09D1E30
03/18/2016 12:00:53.751 PM - INFO  - stuff_out,AA193B9F-02FD-47B9-B60D-C42B9AB35E1C
03/18/2016 12:00:53.754 PM - INFO  - stuff_out,734385F1-0D17-4B5F-9138-24DC8D4F06C6
03/18/2016 12:00:53.757 PM - INFO  - stuff_out,3F4BCF74-3503-4533-9D74-5A65EC4CA3C4
03/18/2016 12:00:53.760 PM - INFO  - stuff_out,6A03BC65-BD03-4B68-B51E-2543F9471D42
03/18/2016 12:00:53.762 PM - INFO  - stuff_out,5E1C9860-2D9E-4A94-A11D-DA0FD9B31470
03/18/2016 12:00:53.766 PM - INFO  - stuff_out,6E00FB27-C0E2-4859-93A0-BF516C44C95F
03/18/2016 12:00:53.769 PM - INFO  - stuff_out,0A4331F9-4D2B-4474-A9F5-8DBE6655714C
03/18/2016 12:00:53.772 PM - INFO  - stuff_out,36DB043B-E4E9-4BB6-936C-3564335C34EF
03/18/2016 12:00:53.775 PM - INFO  - stuff_out,81525F4F-7BCA-471B-B1E3-2601EFD242E0
03/18/2016 12:00:53.778 PM - INFO  - stuff_out,757C822A-6A23-42E6-9A30-2B0977960E3D
03/18/2016 12:00:53.781 PM - INFO  - stuff_out,D3606AED-7593-460A-94FD-2859C71386FF
03/18/2016 12:00:53.784 PM - INFO  - stuff_out,FB2987AA-926E-4F5D-A04A-407E0415A3FD
03/18/2016 12:00:53.787 PM - INFO  - stuff_out,66FC8180-27E6-4335-B571-4D38D3BC633A
03/18/2016 12:00:53.790 PM - INFO  - stuff_out,E175F999-1164-48AA-83E1-6C14FC5E8C82
03/18/2016 12:00:53.793 PM - INFO  - stuff_out,BA6468F6-2130-45FC-A2F7-26A7781B09CE
03/18/2016 12:00:53.796 PM - INFO  - stuff_out,9D0DC2A2-BE67-4499-B730-87C7DDE25860
03/18/2016 12:00:53.799 PM - INFO  - stuff_out,223E2E7D-AA90-4ADC-93CB-D304E794E3E6
03/18/2016 12:00:53.801 PM - INFO  - stuff_out,1B416A7F-D49B-43FC-8308-F14AA9531AF8
03/18/2016 12:00:53.804 PM - INFO  - stuff_out,00B169F1-2BE2-4986-8B93-825FEB944FFD
03/18/2016 12:00:53.807 PM - INFO  - stuff_out,BACF0220-900B-4409-8CB2-30A09836A650
03/18/2016 12:00:53.810 PM - INFO  - stuff_out,39488429-3940-4360-9A32-FE53298C2CA2
03/18/2016 12:00:53.813 PM - INFO  - stuff_out,9BF2D71A-0986-4025-9C97-15B65F07C568
03/18/2016 12:00:53.816 PM - INFO  - stuff_out,A9137009-B5BA-4C58-BCD3-7753909918B5
03/18/2016 12:00:53.819 PM - INFO  - stuff_out,B853CC3A-D173-4DA4-9832-6D0148C8F01F
03/18/2016 12:00:53.822 PM - INFO  - stuff_out,ACBEDC97-956C-45F5-97E3-65A6D9987625
03/18/2016 12:00:53.827 PM - INFO  - stuff_out,9EDB2BD1-9E1B-4931-ADD2-2724E3A25CBF
03/18/2016 12:00:53.830 PM - INFO  - stuff_out,5CBA8C5A-3191-434A-8DE1-C0C3CAC9C4F4
03/18/2016 12:00:53.833 PM - INFO  - stuff_out,D3EE5B55-6F2E-4247-8C94-E7CFC4C5B648
03/18/2016 12:00:53.836 PM - INFO  - stuff_out,C4FF9CDA-B4E4-4841-97E0-7F799B85B657
03/18/2016 12:00:53.839 PM - INFO  - stuff_out,A37CE5AA-4D2A-4441-BC6A-0A1D7EC49647
03/18/2016 12:00:53.842 PM - INFO  - stuff_out,11055B92-CBEF-4272-8B50-0450BDA154E5
03/18/2016 12:00:53.845 PM - INFO  - stuff_out,3FC00449-5101-461D-94C6-10920C30EBF4
03/18/2016 12:00:53.848 PM - INFO  - stuff_out,1A0F9B0E-26CE-4DE0-BE47-C74D1AB2B389
03/18/2016 12:00:53.851 PM - INFO  - stuff_out,C41D0367-9852-4AA7-9E7E-DEA162A4CBB0
03/18/2016 12:00:53.854 PM - INFO  - stuff_out,6AAAE037-7E66-4F5D-BED0-0042245C26BC
03/18/2016 12:00:53.857 PM - INFO  - stuff_out,EE80E648-C64D-4802-8868-C57AAFEACC55
03/18/2016 12:00:53.861 PM - INFO  - stuff_out,C6F56AE3-8E9C-4568-85CA-CA5F1EF15DCE
03/18/2016 12:00:53.864 PM - INFO  - stuff_out,71364A69-1549-472E-AF78-FDA4FDA016EB
03/18/2016 12:00:53.867 PM - INFO  - stuff_out,C68BD5DC-F756-484E-A9FE-F2D1FD432B2A
03/18/2016 12:00:53.870 PM - INFO  - stuff_out,C995E97E-BE7F-44BB-A38D-FE884CF837F5
03/18/2016 12:00:53.873 PM - INFO  - stuff_out,64B64199-7F12-4A33-A962-4AD314E9593D
03/18/2016 12:00:53.876 PM - INFO  - stuff_out,C2DFF741-7091-43C7-B8B1-B075E7FF914F
03/18/2016 12:00:53.879 PM - INFO  - stuff_out,54F59BB2-AD49-42C7-ABAA-B60765F4F926
03/18/2016 12:00:53.882 PM - INFO  - stuff_out,72298F1A-98C7-4BED-8617-11DEFEFB625F
03/18/2016 12:00:53.885 PM - INFO  - stuff_out,3E534F9D-A25F-4CAF-8AAF-FF95DA8F8B64
03/18/2016 12:00:53.888 PM - INFO  - stuff_out,344344D6-5CA1-43B4-8D4B-CD1763883BE2
03/18/2016 12:00:53.891 PM - INFO  - stuff_out,0562209B-4C68-4E77-8B57-13CBF53D05BD
03/18/2016 12:00:53.894 PM - INFO  - stuff_out,1172C52C-6979-4293-8F01-80FADA5A2B69
03/18/2016 12:00:53.897 PM - INFO  - stuff_out,7C9887BD-4AE4-47F2-A0AA-4BBB6736D433
03/18/2016 12:00:53.900 PM - INFO  - stuff_out,F428CCD3-FF90-4E80-8C60-BFF17F72F0FA
03/18/2016 12:00:53.902 PM - INFO  - stuff_out,835D7132-1767-4462-AAE0-A27ECBD4E5AB
03/18/2016 12:00:53.906 PM - INFO  - stuff_out,F6ED77CC-077C-48B6-B730-25CB7C62558D
03/18/2016 12:00:53.909 PM - INFO  - stuff_out,6E6AAD4F-8869-428A-B507-54EACE8613E9
03/18/2016 12:00:53.912 PM - INFO  - stuff_out,288970FD-06D5-B6C0-026F-00005F5102E8
03/18/2016 12:00:53.915 PM - INFO  - stuff_out,3F95FE3B-F41A-DF5F-E0FE-000031676105
03/18/2016 12:00:53.918 PM - INFO  - stuff_out,7A12A899-136B-0684-DFA9-00007D20F37B
03/18/2016 12:00:53.921 PM - INFO  - stuff_out,7E51506A-9FF0-4BF4-A0FE-000021FDACD1
03/18/2016 12:00:53.923 PM - INFO  - stuff_out,155CDEC6-A41F-F159-2C8A-0000437820C8
03/18/2016 12:00:53.926 PM - INFO  - stuff_out,03B04D13-1C49-12F9-9DF2-00002CA9A3B1
03/18/2016 12:00:53.929 PM - INFO  - stuff_out,3539D05F-2845-FEA5-3156-000062D51ED0
03/18/2016 12:00:53.932 PM - INFO  - stuff_out,15DA1C61-2F7C-8794-2AD8-000063B7F145
03/18/2016 12:00:53.935 PM - INFO  - stuff_out,41411C28-A790-EC14-363A-000058364B97
03/18/2016 12:00:53.939 PM - INFO  - stuff_out,549CD3BF-CBFF-D46F-DA2F-00005E816F16
03/18/2016 12:00:53.942 PM - INFO  - stuff_out,03A43DD3-E983-A1A2-93F4-000051B29B39
03/18/2016 12:00:53.945 PM - INFO  - stuff_out,24ECE516-1A4A-0F68-A003-00002F182FE8
03/18/2016 12:00:53.947 PM - INFO  - stuff_out,5CF1407F-8184-33C3-4E72-00001906500A
03/18/2016 12:00:53.950 PM - INFO  - stuff_out,6D70CD5B-497F-3552-DB36-00003FAADDE4
03/18/2016 12:00:53.953 PM - INFO  - stuff_out,6ACDC463-765C-C8F2-919E-000023F22A59
03/18/2016 12:00:53.956 PM - INFO  - stuff_out,6FBA4B7E-7680-E5F6-B1A4-00002F6EBCEE
03/18/2016 12:00:53.959 PM - INFO  - stuff_out,0F35C596-02A7-2BD0-6BC1-00003A1D539F
03/18/2016 12:00:53.962 PM - INFO  - stuff_out,5B5D0987-ACED-18E6-A8F8-0000561046B5
03/18/2016 12:00:53.965 PM - INFO  - stuff_out,46924137-A613-3FF2-30EE-0000214E5E18
03/18/2016 12:00:53.968 PM - INFO  - stuff_out,20038ABD-8EB6-73EE-2E8E-0000636581EC
03/18/2016 12:00:53.971 PM - INFO  - stuff_out,1D34DFEF-D2E3-73D6-F693-00004C8C3639
03/18/2016 12:00:53.974 PM - INFO  - stuff_out,45CFABCD-4389-FACF-4ACC-00003A15A3C6
03/18/2016 12:00:53.977 PM - INFO  - stuff_out,62B339F4-F4CB-6F0A-1CD0-000006E7C31C
03/18/2016 12:00:53.980 PM - INFO  - stuff_out,59BA66CE-8C67-EDBD-1B62-00007A33E67D
03/18/2016 12:00:53.983 PM - INFO  - stuff_out,65615738-5187-A40B-09F3-00003B266FFD
03/18/2016 12:00:53.986 PM - INFO  - stuff_out,58826961-8CAC-9E47-503A-000046831E7C
03/18/2016 12:00:53.989 PM - INFO  - stuff_out,4A46830E-323A-ACA6-F644-000074AD2A72
03/18/2016 12:00:53.992 PM - INFO  - stuff_out,14BDDE36-B5DD-DF99-CDE4-00002F425C01
03/18/2016 12:00:53.995 PM - INFO  - stuff_out,2DA65DE4-3B26-3E8A-0E2E-000068D60B8A
03/18/2016 12:00:53.998 PM - INFO  - stuff_out,3C8FC6CB-587D-7837-A281-00005435F072
03/18/2016 12:00:54.001 PM - INFO  - stuff_out,213CF78F-DE55-B3CD-57EE-00004CF4F501
03/18/2016 12:00:54.004 PM - INFO  - stuff_out,66013C1F-4B8A-7FBC-16E1-000001B927C5
03/18/2016 12:00:54.007 PM - INFO  - stuff_out,22E1F765-19C7-68DB-1853-00002D140D84
03/18/2016 12:00:54.010 PM - INFO  - stuff_out,F881A707-745E-4C6D-90D1-F820EE3B1470
03/18/2016 12:00:54.013 PM - INFO  - stuff_out,4F64E265-DC82-4759-B1AD-C40EA2DB286D
03/18/2016 12:00:54.016 PM - INFO  - stuff_out,F463C069-2394-4A68-87FA-5A3F7DA8E1FE
03/18/2016 12:00:54.019 PM - INFO  - stuff_out,4D3A2FD4-3B21-458C-AFE5-1D3600D77CC8
03/18/2016 12:00:54.022 PM - INFO  - stuff_out,4044DD19-B545-FAE6-1541-00005FD08DC5
03/18/2016 12:00:54.025 PM - INFO  - stuff_out,8996DBA5-2452-4E87-9105-717FCFDE9253
03/18/2016 12:00:54.028 PM - INFO  - stuff_out,1F294FF1-6732-2D4A-6262-00003A363524
03/18/2016 12:00:54.031 PM - INFO  - stuff_out,E2442E9C-A061-44D1-859F-C7F2A4E2B8FB
03/18/2016 12:00:54.034 PM - INFO  - stuff_out,86AE9A84-8EE2-4B2E-8416-66F21C347BC7
03/18/2016 12:00:54.037 PM - INFO  - stuff_out,370FC1CD-0EFC-4B67-865F-41104CD8C8DB
03/18/2016 12:00:54.040 PM - INFO  - stuff_out,FFBE750A-970F-4451-8697-729CCFDF789F
03/18/2016 12:00:54.043 PM - INFO  - stuff_out,19106802-20AF-4C72-A4C9-135F5247DB7A
03/18/2016 12:00:54.046 PM - INFO  - stuff_out,24B099D3-94D7-4F88-B560-F0025073169C
03/18/2016 12:00:54.049 PM - INFO  - stuff_out,E6D164C6-ABDD-4B57-82F5-BC96C0FD3615
03/18/2016 12:00:54.052 PM - INFO  - stuff_out,359B041E-6853-400D-80F2-51BCB21211F0
03/18/2016 12:00:54.055 PM - INFO  - stuff_out,677DCBD1-B3C6-427D-B366-39F55AB24FCC
03/18/2016 12:00:54.058 PM - INFO  - stuff_out,08E4CE9D-C067-4FFC-8D0F-A46327598CCE
03/18/2016 12:00:54.061 PM - INFO  - stuff_out,5BC4A860-69F5-4B89-9706-5A1EE9965F4F
03/18/2016 12:00:54.064 PM - INFO  - stuff_out,5F6A8219-683F-25CD-DFE3-00007702BCBA
03/18/2016 12:01:26.500 PM - INFO  - stuff_out,84532C63-50B2-4B89-962E-087CFDAA08F3
03/18/2016 12:01:26.505 PM - INFO  - stuff_out,7140085A-1B05-4A6D-BCC7-61C7DD5C90C6
03/18/2016 12:01:26.508 PM - INFO  - stuff_out,08C0424D-728F-4F6F-8C30-5BE714CC98FE
03/18/2016 12:01:26.511 PM - INFO  - stuff_out,24CCC47B-83D6-4D8F-B19D-AC3CF5C71A0A
03/18/2016 12:01:26.514 PM - INFO  - stuff_out,08C0424D-728F-4F6F-8C30-5BE714CC98FA
03/18/2016 12:01:26.518 PM - INFO  - stuff_out,36ECD2B7-088C-5BD8-FFE9-0000274F259B
03/18/2016 12:01:26.521 PM - INFO  - stuff_out,9AD87E96-9AAD-4D45-8DB6-B014D152EB9C
03/18/2016 12:01:26.523 PM - INFO  - stuff_out,C9115044-F077-4061-8F1E-9AD9E5521EE4
03/18/2016 12:01:26.526 PM - INFO  - stuff_out,B1D3254D-A58E-4259-9796-8A2843A511A9
03/18/2016 12:01:26.529 PM - INFO  - stuff_out,32C1D67D-33DE-4F1E-864B-D45388F2E3E6
03/18/2016 12:01:26.533 PM - INFO  - stuff_out,C28C4F53-9963-46C0-A080-8F13E94E7486
03/18/2016 12:01:26.536 PM - INFO  - stuff_out,07387D3A-6E8A-2D05-D898-0000067512D3
03/18/2016 12:01:26.539 PM - INFO  - stuff_out,7026DDF4-F7B2-CB12-294F-000021BC1839
03/18/2016 12:01:26.542 PM - INFO  - stuff_out,43DA577C-B0B1-4EF4-9782-00006FB7132E
03/18/2016 12:01:26.545 PM - INFO  - stuff_out,5C4C6A4E-5639-C6F9-45BC-0000390045CB
03/18/2016 12:01:26.548 PM - INFO  - stuff_out,40E62FA9-2188-8CC8-B6BB-00000A40D6FD
03/18/2016 12:01:26.551 PM - INFO  - stuff_out,26E2814D-FA2C-903E-0396-00006E7F7535
03/18/2016 12:01:26.554 PM - INFO  - stuff_out,71E8233F-3785-1D45-C28A-000077860963
03/18/2016 12:01:26.557 PM - INFO  - stuff_out,00D27FE3-1080-82FE-F964-00005A672AED
03/18/2016 12:01:26.560 PM - INFO  - stuff_out,2B335BF9-4E97-B8AA-C4CF-0000039A2342
03/18/2016 12:01:26.563 PM - INFO  - stuff_out,7C80C3E6-70E5-009F-D11B-00004D075E6A
03/18/2016 12:01:26.566 PM - INFO  - stuff_out,1EC7A8A8-BD61-4F37-BFE9-0000458F8D3D
03/18/2016 12:01:26.570 PM - INFO  - stuff_out,21156A2D-C153-32AC-C511-0000417B06EB
03/18/2016 12:01:26.573 PM - INFO  - stuff_out,74034FE2-B9EF-FCB3-83E1-000014494AFC
03/18/2016 12:01:26.576 PM - INFO  - stuff_out,57D9F0CB-CC7C-F407-04E3-000006DD08F2
03/18/2016 12:01:26.579 PM - INFO  - stuff_out,19764B63-5DA4-CD1E-ACF7-00007F9DA018
03/18/2016 12:01:26.582 PM - INFO  - stuff_out,4579C91C-70E6-2C19-5180-00004411C289
03/18/2016 12:01:26.585 PM - INFO  - stuff_out,69FAD348-5253-F157-AA35-00000791984E
03/18/2016 12:01:26.588 PM - INFO  - stuff_out,67A62CC3-EB5E-90B8-5268-00004EC5631B
03/18/2016 12:01:26.591 PM - INFO  - stuff_out,00EDAA04-ED15-38CA-61F1-0000683715DA
03/18/2016 12:01:26.595 PM - INFO  - stuff_out,787BD0A9-450B-D9AA-2B77-00001AD7ACCF
03/18/2016 12:01:26.598 PM - INFO  - stuff_out,459257CD-776A-D5AA-BFCB-00006BF9BAF7
03/18/2016 12:01:26.601 PM - INFO  - stuff_out,5861E582-E723-AC70-22A3-000078451E27
03/18/2016 12:01:26.604 PM - INFO  - stuff_out,64EC53DF-893C-EF00-FD17-000023A90C5D
03/18/2016 12:01:26.607 PM - INFO  - stuff_out,2F6ABFF5-8625-EBF2-6D4B-0000187B6AA2
03/18/2016 12:01:26.610 PM - INFO  - stuff_out,4E95BE3C-7D72-ECCD-A3BD-000025F30742
03/18/2016 12:01:26.613 PM - INFO  - stuff_out,76619184-ADD3-3917-1561-00007F73B6CF
03/18/2016 12:01:26.616 PM - INFO  - stuff_out,05E71168-C5DF-B61D-6689-00002DF6C841
03/18/2016 12:01:26.619 PM - INFO  - stuff_out,24D53AFA-05FA-762D-BCBD-000071661CC2
03/18/2016 12:01:26.622 PM - INFO  - stuff_out,66EA3EB7-952A-0722-7A07-000059F59375
03/18/2016 12:01:26.625 PM - INFO  - stuff_out,09A41477-9592-DF58-31D2-0000386FEBBB
03/18/2016 12:01:26.628 PM - INFO  - stuff_out,3BDD5EEF-BB9D-6288-FB1F-00001334C2F3
03/18/2016 12:01:26.631 PM - INFO  - stuff_out,6CEAE95E-522F-A58F-72A3-00005EE531B2
03/18/2016 12:01:26.634 PM - INFO  - stuff_out,1921CDCA-95A9-C8F9-92D5-0000048A1894
03/18/2016 12:01:26.637 PM - INFO  - stuff_out,6947AF3B-807C-7EC6-0317-000014F9E874
03/18/2016 12:01:26.640 PM - INFO  - stuff_out,230C226E-75BB-8248-7BBD-00002573E023
03/18/2016 12:01:26.644 PM - INFO  - stuff_out,5A802D0A-19F1-2803-E4B8-000020B7F1E6
03/18/2016 12:01:26.647 PM - INFO  - stuff_out,0C6A43D2-965C-7C8D-1890-000011C8AEA1
03/18/2016 12:01:26.650 PM - INFO  - stuff_out,0E40D526-B919-3A5F-4902-0000370849D9
03/18/2016 12:01:26.653 PM - INFO  - stuff_out,012861C9-D3B7-947E-E203-000042DA667F
03/18/2016 12:01:26.656 PM - INFO  - stuff_out,107F3E23-744B-F10B-4A77-00001019D365
03/18/2016 12:01:26.659 PM - INFO  - stuff_out,0F859425-1119-85D3-E468-00007623858F
03/18/2016 12:01:26.663 PM - INFO  - stuff_out,1615ABE1-4C1A-74B3-CF70-00002DD2CD8A
03/18/2016 12:01:26.666 PM - INFO  - stuff_out,6AB43686-CE24-CD64-8638-00000DCDCFAA
03/18/2016 12:01:26.669 PM - INFO  - stuff_out,42FCA8FA-D771-69BC-D254-000010DAAD3A
03/18/2016 12:01:26.672 PM - INFO  - stuff_out,4D677643-5068-FE79-EDEF-00007B63E83C
03/18/2016 12:01:26.675 PM - INFO  - stuff_out,5C23FA6D-395D-287F-B613-000038F7D2FD
03/18/2016 12:01:26.678 PM - INFO  - stuff_out,163CFD43-451C-71F0-58F7-00004A72C81B
03/18/2016 12:01:26.681 PM - INFO  - stuff_out,35AF8ACC-729D-AD9A-687C-00007C29CFB0
03/18/2016 12:01:26.684 PM - INFO  - stuff_out,1D026B7F-6DBA-D366-E3E8-00003388B7B9
03/18/2016 12:01:26.687 PM - INFO  - stuff_out,54D5ED1D-366E-84A9-A7D3-000050A030C4
03/18/2016 12:01:26.690 PM - INFO  - stuff_out,44E1BD36-478E-DC9D-D06F-000004AD4A5A
03/18/2016 12:01:26.693 PM - INFO  - stuff_out,0CEC5D1C-DFE4-2C1E-8DF1-000065DDF83E
03/18/2016 12:01:26.696 PM - INFO  - stuff_out,4FD4E2B1-FB69-BBA4-4C37-0000194FDE61
03/18/2016 12:01:26.700 PM - INFO  - stuff_out,4A90BF42-AC4C-E560-0606-000054938742
03/18/2016 12:01:26.703 PM - INFO  - stuff_out,2195296F-47A2-0185-C2C5-0000014C171A
03/18/2016 12:01:26.706 PM - INFO  - stuff_out,076DEABB-20DA-43E9-A4C7-F3FAEDF5B1FC
03/18/2016 12:01:26.709 PM - INFO  - stuff_out,8D8E3E5A-2685-40AF-9EF9-E3113B3C62AA
03/18/2016 12:01:26.712 PM - INFO  - stuff_out,F8B4DF74-C71B-45A3-9B9A-F6141C4D3C56
03/18/2016 12:01:26.715 PM - INFO  - stuff_out,3202E726-8970-478C-6841-0000781DC1D4
03/18/2016 12:01:26.718 PM - INFO  - stuff_out,69A082E7-41DE-6AD2-1E1A-00006E3D7039
03/18/2016 12:01:26.722 PM - INFO  - stuff_out,0392E6BA-BF2B-B130-D98E-000040103121
03/18/2016 12:01:26.725 PM - INFO  - stuff_out,67098E62-F8C7-E37A-8EA9-000068CA05E6
03/18/2016 12:01:26.728 PM - INFO  - stuff_out,274974C9-4C45-6AB8-820A-000011A86F80
03/18/2016 12:01:26.731 PM - INFO  - stuff_out,4930458E-932C-2DC7-9761-000040257607
03/18/2016 12:01:26.734 PM - INFO  - stuff_out,5B67E677-BD83-E4A2-65B2-00006FE8C18F
03/18/2016 12:01:26.737 PM - INFO  - stuff_out,19FBCCAF-027C-4D46-36EF-00007A8DA1FC
03/18/2016 12:01:26.740 PM - INFO  - stuff_out,6885E63F-67B5-B415-E8AB-00002D3E3DF1
03/18/2016 12:01:26.743 PM - INFO  - stuff_out,5154B06B-6A84-07D2-A7EB-00006F1E5EFA
03/18/2016 12:01:26.746 PM - INFO  - stuff_out,32EDA814-D32B-B49F-3B8F-0000745E3C57
03/18/2016 12:01:26.749 PM - INFO  - stuff_out,56CBAF70-0E94-42DF-45EE-00005BA31824
03/18/2016 12:01:26.752 PM - INFO  - stuff_out,3086127C-A3C7-778A-2A2E-00007ECA3AEA
03/18/2016 12:01:26.755 PM - INFO  - stuff_out,0EE219AE-F624-C4E1-9B1A-00002525DF51
03/18/2016 12:01:26.759 PM - INFO  - stuff_out,660D6D82-2218-11E3-86B1-F23C91AEC05E
03/18/2016 12:01:26.762 PM - INFO  - stuff_out,2D4957D5-77D3-4EC7-BF80-E4E6AC7A3EF3
03/18/2016 12:01:26.766 PM - INFO  - stuff_out,AA458565-7711-4BE1-ADA3-91716EABFA21
03/18/2016 12:01:26.769 PM - INFO  - stuff_out,E015841A-D456-46E1-8A18-E0CEB9E69CD5
03/18/2016 12:01:26.772 PM - INFO  - stuff_out,52FF4B77-0614-4D8B-9B96-C07EC852793E
03/18/2016 12:01:26.775 PM - INFO  - stuff_out,D0059CEB-5F5C-4D21-8C71-842BD0F88468
03/18/2016 12:01:26.778 PM - INFO  - stuff_out,2773FEAA-448F-410E-BEDE-9298C4749066
03/18/2016 12:01:26.781 PM - INFO  - stuff_out,00871FE9-7114-4A09-BF4F-C0B833D4F1CB
03/18/2016 12:01:26.785 PM - INFO  - stuff_out,DB6E98D3-64A9-4FF6-8F11-9E626DCAED6D
03/18/2016 12:01:26.788 PM - INFO  - stuff_out,25B014D9-CC71-484D-93D9-5E93B51C6B36
03/18/2016 12:01:26.791 PM - INFO  - stuff_out,088E8D53-3705-4362-B04D-8EDF0DBE50E5
03/18/2016 12:01:26.794 PM - INFO  - stuff_out,5F5ED8A1-AD1C-41BD-878A-BE45A9B28739
03/18/2016 12:01:26.797 PM - INFO  - stuff_out,F2400BE8-D8EB-48EB-B4E4-5D4377062A7F
03/18/2016 12:01:26.800 PM - INFO  - stuff_out,628F5A96-021B-4191-926B-B3BF49272866
03/18/2016 12:01:26.803 PM - INFO  - stuff_out,FA686EE7-D01D-43A3-8E95-A00120658040
03/18/2016 12:01:26.806 PM - INFO  - stuff_out,7897B317-7AD3-44E4-A933-0544A169AB1B
03/18/2016 12:01:26.809 PM - INFO  - stuff_out,920E5C50-41E1-4DAC-8D48-D9C860E49228
03/18/2016 12:01:26.812 PM - INFO  - stuff_out,D15DC4C4-D74F-4E4B-B4B1-2B03A35A284D
03/18/2016 12:01:26.816 PM - INFO  - stuff_out,7860561C-779A-4E45-A7B9-06A1E0E984E8
03/18/2016 12:01:26.819 PM - INFO  - stuff_out,F8BE3C55-88E8-4103-A936-B1E5CB1D330E
03/18/2016 12:01:26.822 PM - INFO  - stuff_out,0582ACC2-11D8-4FE5-888D-61837BA8F43E
03/18/2016 12:01:26.825 PM - INFO  - stuff_out,99D9A065-CD45-4E20-9C86-579C8AD42E5E
03/18/2016 12:01:26.828 PM - INFO  - stuff_out,DC4D6549-D5F4-4E1A-959A-6BD536737A21
03/18/2016 12:01:26.831 PM - INFO  - stuff_out,FCDB4F81-31EC-462B-9183-D506E6798C0B
03/18/2016 12:01:26.834 PM - INFO  - stuff_out,A36A6621-CF4A-4FB6-8CB2-D420D630A134
03/18/2016 12:01:26.837 PM - INFO  - stuff_out,9CB82EB8-CA38-44CD-9CC8-EBC56401BBB2
03/18/2016 12:01:26.840 PM - INFO  - stuff_out,321674DB-CE7C-417C-ADE8-64CFA376CD3E
03/18/2016 12:01:26.843 PM - INFO  - stuff_out,1AEF36BD-FB72-4B52-8845-4EF4AC7B709A
03/18/2016 12:01:26.846 PM - INFO  - stuff_out,3BCBC1C5-9D99-45BB-B15D-B03D2C069CED
03/18/2016 12:01:26.849 PM - INFO  - stuff_out,59C57E56-3EE6-4EF7-873F-7ED084B0EB22
03/18/2016 12:01:26.852 PM - INFO  - stuff_out,F91861FB-4FEA-455F-9570-828D7903DC64
03/18/2016 12:01:26.856 PM - INFO  - stuff_out,D55DC7A7-AAFA-43C6-B432-A192FF64141E
03/18/2016 12:01:26.859 PM - INFO  - stuff_out,50FE258D-CC94-4748-9223-55F1129E5FB3
03/18/2016 12:01:26.862 PM - INFO  - stuff_out,49C99A6E-CCC1-4015-81F6-D7C43B592034
03/18/2016 12:01:26.865 PM - INFO  - stuff_out,BA1C9760-8ECD-4182-8354-5D880F2FC81B
03/18/2016 12:01:26.868 PM - INFO  - stuff_out,D924DBE1-1231-434A-80EF-234BA09D1E30
03/18/2016 12:01:26.871 PM - INFO  - stuff_out,AA193B9F-02FD-47B9-B60D-C42B9AB35E1C
03/18/2016 12:01:26.874 PM - INFO  - stuff_out,734385F1-0D17-4B5F-9138-24DC8D4F06C6
03/18/2016 12:01:26.877 PM - INFO  - stuff_out,3F4BCF74-3503-4533-9D74-5A65EC4CA3C4
03/18/2016 12:01:26.880 PM - INFO  - stuff_out,6A03BC65-BD03-4B68-B51E-2543F9471D42
03/18/2016 12:01:26.884 PM - INFO  - stuff_out,5E1C9860-2D9E-4A94-A11D-DA0FD9B31470
03/18/2016 12:01:26.887 PM - INFO  - stuff_out,6E00FB27-C0E2-4859-93A0-BF516C44C95F
03/18/2016 12:01:26.890 PM - INFO  - stuff_out,0A4331F9-4D2B-4474-A9F5-8DBE6655714C
03/18/2016 12:01:26.893 PM - INFO  - stuff_out,36DB043B-E4E9-4BB6-936C-3564335C34EF
03/18/2016 12:01:26.896 PM - INFO  - stuff_out,81525F4F-7BCA-471B-B1E3-2601EFD242E0
03/18/2016 12:01:26.899 PM - INFO  - stuff_out,757C822A-6A23-42E6-9A30-2B0977960E3D
03/18/2016 12:01:26.902 PM - INFO  - stuff_out,D3606AED-7593-460A-94FD-2859C71386FF
03/18/2016 12:01:26.904 PM - INFO  - stuff_out,FB2987AA-926E-4F5D-A04A-407E0415A3FD
03/18/2016 12:01:26.908 PM - INFO  - stuff_out,66FC8180-27E6-4335-B571-4D38D3BC633A
03/18/2016 12:01:26.911 PM - INFO  - stuff_out,E175F999-1164-48AA-83E1-6C14FC5E8C82
03/18/2016 12:01:26.914 PM - INFO  - stuff_out,BA6468F6-2130-45FC-A2F7-26A7781B09CE
03/18/2016 12:01:26.917 PM - INFO  - stuff_out,9D0DC2A2-BE67-4499-B730-87C7DDE25860
03/18/2016 12:01:26.920 PM - INFO  - stuff_out,223E2E7D-AA90-4ADC-93CB-D304E794E3E6
03/18/2016 12:01:26.923 PM - INFO  - stuff_out,1B416A7F-D49B-43FC-8308-F14AA9531AF8
03/18/2016 12:01:26.926 PM - INFO  - stuff_out,00B169F1-2BE2-4986-8B93-825FEB944FFD
03/18/2016 12:01:26.929 PM - INFO  - stuff_out,BACF0220-900B-4409-8CB2-30A09836A650
03/18/2016 12:01:26.933 PM - INFO  - stuff_out,39488429-3940-4360-9A32-FE53298C2CA2
03/18/2016 12:01:26.935 PM - INFO  - stuff_out,9BF2D71A-0986-4025-9C97-15B65F07C568
03/18/2016 12:01:26.939 PM - INFO  - stuff_out,A9137009-B5BA-4C58-BCD3-7753909918B5
03/18/2016 12:01:26.942 PM - INFO  - stuff_out,B853CC3A-D173-4DA4-9832-6D0148C8F01F
03/18/2016 12:01:26.945 PM - INFO  - stuff_out,ACBEDC97-956C-45F5-97E3-65A6D9987625
03/18/2016 12:01:26.948 PM - INFO  - stuff_out,9EDB2BD1-9E1B-4931-ADD2-2724E3A25CBF
03/18/2016 12:01:26.951 PM - INFO  - stuff_out,5CBA8C5A-3191-434A-8DE1-C0C3CAC9C4F4
03/18/2016 12:01:26.954 PM - INFO  - stuff_out,D3EE5B55-6F2E-4247-8C94-E7CFC4C5B648
03/18/2016 12:01:26.957 PM - INFO  - stuff_out,C4FF9CDA-B4E4-4841-97E0-7F799B85B657
03/18/2016 12:01:26.960 PM - INFO  - stuff_out,A37CE5AA-4D2A-4441-BC6A-0A1D7EC49647
03/18/2016 12:01:26.963 PM - INFO  - stuff_out,11055B92-CBEF-4272-8B50-0450BDA154E5
03/18/2016 12:01:26.966 PM - INFO  - stuff_out,3FC00449-5101-461D-94C6-10920C30EBF4
03/18/2016 12:01:26.969 PM - INFO  - stuff_out,1A0F9B0E-26CE-4DE0-BE47-C74D1AB2B389
03/18/2016 12:01:26.972 PM - INFO  - stuff_out,C41D0367-9852-4AA7-9E7E-DEA162A4CBB0
03/18/2016 12:01:26.975 PM - INFO  - stuff_out,6AAAE037-7E66-4F5D-BED0-0042245C26BC
03/18/2016 12:01:26.978 PM - INFO  - stuff_out,EE80E648-C64D-4802-8868-C57AAFEACC55
03/18/2016 12:01:26.981 PM - INFO  - stuff_out,C6F56AE3-8E9C-4568-85CA-CA5F1EF15DCE
03/18/2016 12:01:26.985 PM - INFO  - stuff_out,71364A69-1549-472E-AF78-FDA4FDA016EB
03/18/2016 12:01:26.988 PM - INFO  - stuff_out,C68BD5DC-F756-484E-A9FE-F2D1FD432B2A
03/18/2016 12:01:26.991 PM - INFO  - stuff_out,C995E97E-BE7F-44BB-A38D-FE884CF837F5
03/18/2016 12:01:26.994 PM - INFO  - stuff_out,64B64199-7F12-4A33-A962-4AD314E9593D
03/18/2016 12:01:26.997 PM - INFO  - stuff_out,C2DFF741-7091-43C7-B8B1-B075E7FF914F
03/18/2016 12:01:27.000 PM - INFO  - stuff_out,54F59BB2-AD49-42C7-ABAA-B60765F4F926
03/18/2016 12:01:27.003 PM - INFO  - stuff_out,72298F1A-98C7-4BED-8617-11DEFEFB625F
03/18/2016 12:01:27.006 PM - INFO  - stuff_out,3E534F9D-A25F-4CAF-8AAF-FF95DA8F8B64
03/18/2016 12:01:27.009 PM - INFO  - stuff_out,344344D6-5CA1-43B4-8D4B-CD1763883BE2
03/18/2016 12:01:27.012 PM - INFO  - stuff_out,0562209B-4C68-4E77-8B57-13CBF53D05BD
03/18/2016 12:01:27.016 PM - INFO  - stuff_out,1172C52C-6979-4293-8F01-80FADA5A2B69
03/18/2016 12:01:27.019 PM - INFO  - stuff_out,7C9887BD-4AE4-47F2-A0AA-4BBB6736D433
03/18/2016 12:01:27.022 PM - INFO  - stuff_out,F428CCD3-FF90-4E80-8C60-BFF17F72F0FA
03/18/2016 12:01:27.025 PM - INFO  - stuff_out,835D7132-1767-4462-AAE0-A27ECBD4E5AB
03/18/2016 12:01:27.028 PM - INFO  - stuff_out,F6ED77CC-077C-48B6-B730-25CB7C62558D
03/18/2016 12:01:27.032 PM - INFO  - stuff_out,6E6AAD4F-8869-428A-B507-54EACE8613E9
03/18/2016 12:01:27.035 PM - INFO  - stuff_out,65C9B766-BDBF-5610-56DA-00001D7E3EC0
03/18/2016 12:01:27.039 PM - INFO  - stuff_out,4B49BE60-B73D-3221-3741-00004B6DA372
03/18/2016 12:01:27.042 PM - INFO  - stuff_out,0B05B80E-A4C9-9AD2-86F8-0000668508D4
03/18/2016 12:01:27.045 PM - INFO  - stuff_out,2806CAE1-8E4E-CEF6-ACA5-000060108640
03/18/2016 12:01:27.048 PM - INFO  - stuff_out,5CDE0505-BAE4-0A49-63D4-00007DCA03DE
03/18/2016 12:01:27.051 PM - INFO  - stuff_out,59C42456-B824-72C3-7FCA-000041DBD676
03/18/2016 12:01:27.054 PM - INFO  - stuff_out,47DCFEC1-55C2-741A-7BA9-00001F9DA06E
03/18/2016 12:01:27.057 PM - INFO  - stuff_out,258FA5F9-91B2-7B9D-9EA3-000039A01EC1
03/18/2016 12:01:27.060 PM - INFO  - stuff_out,3F432E75-23C5-8566-277F-00007EF00741
03/18/2016 12:01:27.063 PM - INFO  - stuff_out,406C7D82-02D9-FE1E-8B6E-00007624F7BB
03/18/2016 12:01:27.066 PM - INFO  - stuff_out,75045295-F037-E3B4-446F-000041990119
03/18/2016 12:01:27.069 PM - INFO  - stuff_out,241731F4-9CAE-9C58-7730-00002C3730E5
03/18/2016 12:01:27.072 PM - INFO  - stuff_out,5B6B2110-D053-2566-4DF8-00002F5E05C8
03/18/2016 12:01:27.075 PM - INFO  - stuff_out,45CDA5C3-C902-C341-ECE3-000018654089
03/18/2016 12:01:27.078 PM - INFO  - stuff_out,1F6FEEE2-478D-B23B-6536-00000FC4F897
03/18/2016 12:01:27.081 PM - INFO  - stuff_out,4C9C8997-3FCC-8757-6B71-00000907F1C1
03/18/2016 12:01:27.084 PM - INFO  - stuff_out,6890BA88-6C59-8377-154D-0000529A756D
03/18/2016 12:01:27.087 PM - INFO  - stuff_out,1A937179-CC90-25D6-335B-0000763FB049
03/18/2016 12:01:27.090 PM - INFO  - stuff_out,4F4EC545-5DB0-ECD4-7527-0000745477A1
03/18/2016 12:01:27.093 PM - INFO  - stuff_out,557A26B1-5A4E-DB0C-FD1E-00005C33E56C
03/18/2016 12:01:27.096 PM - INFO  - stuff_out,531B44BE-4092-4351-A1D2-0000362616C7
03/18/2016 12:01:27.099 PM - INFO  - stuff_out,15AC7CCA-BCE3-141E-F6B0-00002CE8C1A7
03/18/2016 12:01:27.102 PM - INFO  - stuff_out,6501D1F9-663D-5D36-968C-00003584D02B
03/18/2016 12:01:27.106 PM - INFO  - stuff_out,227ED280-E331-C0BA-0C46-00007EFECAFE
03/18/2016 12:01:27.109 PM - INFO  - stuff_out,09C12AD5-0AF3-0D51-4A04-000036C5566E
03/18/2016 12:01:27.113 PM - INFO  - stuff_out,55AD6BD9-9F80-C428-3976-0000413AA1D7
03/18/2016 12:01:27.116 PM - INFO  - stuff_out,70574BB5-91B1-3689-75B7-0000425E5C1E
03/18/2016 12:01:27.119 PM - INFO  - stuff_out,40F1D79C-6413-3F0B-2666-000064DE2171
03/18/2016 12:01:27.122 PM - INFO  - stuff_out,3365B573-AB61-9BA7-1B62-00002312F1CB
03/18/2016 12:01:27.124 PM - INFO  - stuff_out,30C0586A-B027-E2DE-60FD-000021019613
03/18/2016 12:01:27.127 PM - INFO  - stuff_out,6F23CA52-067F-8780-EA7F-00003C4E744D
03/18/2016 12:01:27.130 PM - INFO  - stuff_out,42B58A29-ABF6-B219-8A00-00000BD83461
03/18/2016 12:01:27.134 PM - INFO  - stuff_out,1F56D25A-22C8-B89B-DC80-0000621C65D4
03/18/2016 12:01:27.137 PM - INFO  - stuff_out,F881A707-745E-4C6D-90D1-F820EE3B1470
03/18/2016 12:01:27.140 PM - INFO  - stuff_out,4F64E265-DC82-4759-B1AD-C40EA2DB286D
03/18/2016 12:01:27.143 PM - INFO  - stuff_out,F463C069-2394-4A68-87FA-5A3F7DA8E1FE
03/18/2016 12:01:27.146 PM - INFO  - stuff_out,4D3A2FD4-3B21-458C-AFE5-1D3600D77CC8
03/18/2016 12:01:27.149 PM - INFO  - stuff_out,4044DD19-B545-FAE6-1541-00005FD08DC5
03/18/2016 12:01:27.152 PM - INFO  - stuff_out,8996DBA5-2452-4E87-9105-717FCFDE9253
03/18/2016 12:01:27.155 PM - INFO  - stuff_out,1F294FF1-6732-2D4A-6262-00003A363524
03/18/2016 12:01:27.158 PM - INFO  - stuff_out,E2442E9C-A061-44D1-859F-C7F2A4E2B8FB
03/18/2016 12:01:27.161 PM - INFO  - stuff_out,86AE9A84-8EE2-4B2E-8416-66F21C347BC7
03/18/2016 12:01:27.165 PM - INFO  - stuff_out,370FC1CD-0EFC-4B67-865F-41104CD8C8DB
03/18/2016 12:01:27.168 PM - INFO  - stuff_out,FFBE750A-970F-4451-8697-729CCFDF789F
03/18/2016 12:01:27.171 PM - INFO  - stuff_out,19106802-20AF-4C72-A4C9-135F5247DB7A
03/18/2016 12:01:27.174 PM - INFO  - stuff_out,24B099D3-94D7-4F88-B560-F0025073169C
03/18/2016 12:01:27.177 PM - INFO  - stuff_out,E6D164C6-ABDD-4B57-82F5-BC96C0FD3615
03/18/2016 12:01:27.179 PM - INFO  - stuff_out,359B041E-6853-400D-80F2-51BCB21211F0
03/18/2016 12:01:27.183 PM - INFO  - stuff_out,677DCBD1-B3C6-427D-B366-39F55AB24FCC
03/18/2016 12:01:27.186 PM - INFO  - stuff_out,08E4CE9D-C067-4FFC-8D0F-A46327598CCE
03/18/2016 12:01:27.233 PM - INFO  - stuff_out,5BC4A860-69F5-4B89-9706-5A1EE9965F4F
03/18/2016 12:01:27.236 PM - INFO  - stuff_out,5F6A8219-683F-25CD-DFE3-00007702BCBA
